[0.145s] DEBUG:colcon:Command line arguments: ['/usr/bin/colcon', 'build']
[0.145s] DEBUG:colcon:Parsed command line arguments: Namespace(allow_overriding=[], ament_cmake_args=None, base_paths=['.'], build_base='build', catkin_cmake_args=None, catkin_skip_building_tests=False, cmake_args=None, cmake_clean_cache=False, cmake_clean_first=False, cmake_force_configure=False, cmake_target=None, cmake_target_skip_unavailable=False, continue_on_error=False, event_handlers=None, executor='parallel', ignore_user_meta=False, install_base='install', log_base=None, log_level=None, main=<bound method BuildVerb.main of <colcon_core.verb.build.BuildVerb object at 0x7f6e3d8046d0>>, merge_install=False, metas=['./colcon.meta'], packages_above=None, packages_above_and_dependencies=None, packages_above_depth=None, packages_end=None, packages_ignore=None, packages_ignore_regex=None, packages_select=None, packages_select_build_failed=False, packages_select_by_dep=None, packages_select_regex=None, packages_select_test_failures=False, packages_skip=None, packages_skip_build_finished=False, packages_skip_by_dep=None, packages_skip_regex=None, packages_skip_test_passed=False, packages_skip_up_to=None, packages_start=None, packages_up_to=None, packages_up_to_regex=None, parallel_workers=4, paths=None, symlink_install=False, test_result_base=None, verb_extension=<colcon_core.verb.build.BuildVerb object at 0x7f6e3d8046d0>, verb_name='build', verb_parser=<colcon_defaults.argument_parser.defaults.DefaultArgumentsDecorator object at 0x7f6e3d804c10>)
[0.171s] Level 1:colcon.colcon_core.package_discovery:discover_packages(colcon_meta) check parameters
[0.171s] Level 1:colcon.colcon_core.package_discovery:discover_packages(recursive) check parameters
[0.171s] Level 1:colcon.colcon_core.package_discovery:discover_packages(ignore) check parameters
[0.171s] Level 1:colcon.colcon_core.package_discovery:discover_packages(path) check parameters
[0.171s] Level 1:colcon.colcon_core.package_discovery:discover_packages(colcon_meta) discover
[0.171s] Level 1:colcon.colcon_core.package_discovery:discover_packages(recursive) discover
[0.171s] INFO:colcon.colcon_core.package_discovery:Crawling recursively for packages in '/home/autonav/autonav'
[0.171s] Level 1:colcon.colcon_core.package_identification:_identify(.) by extensions ['ignore', 'ignore_ament_install']
[0.171s] Level 1:colcon.colcon_core.package_identification:_identify(.) by extension 'ignore'
[0.171s] Level 1:colcon.colcon_core.package_identification:_identify(.) by extension 'ignore_ament_install'
[0.171s] Level 1:colcon.colcon_core.package_identification:_identify(.) by extensions ['colcon_pkg']
[0.171s] Level 1:colcon.colcon_core.package_identification:_identify(.) by extension 'colcon_pkg'
[0.171s] Level 1:colcon.colcon_core.package_identification:_identify(.) by extensions ['colcon_meta']
[0.171s] Level 1:colcon.colcon_core.package_identification:_identify(.) by extension 'colcon_meta'
[0.171s] Level 1:colcon.colcon_core.package_identification:_identify(.) by extensions ['ros']
[0.171s] Level 1:colcon.colcon_core.package_identification:_identify(.) by extension 'ros'
[0.184s] Level 1:colcon.colcon_core.package_identification:_identify(.) by extensions ['cmake', 'python']
[0.184s] Level 1:colcon.colcon_core.package_identification:_identify(.) by extension 'cmake'
[0.184s] Level 1:colcon.colcon_core.package_identification:_identify(.) by extension 'python'
[0.184s] Level 1:colcon.colcon_core.package_identification:_identify(.) by extensions ['python_setup_py']
[0.184s] Level 1:colcon.colcon_core.package_identification:_identify(.) by extension 'python_setup_py'
[0.184s] Level 1:colcon.colcon_core.package_identification:_identify(__pycache__) by extensions ['ignore', 'ignore_ament_install']
[0.184s] Level 1:colcon.colcon_core.package_identification:_identify(__pycache__) by extension 'ignore'
[0.184s] Level 1:colcon.colcon_core.package_identification:_identify(__pycache__) by extension 'ignore_ament_install'
[0.184s] Level 1:colcon.colcon_core.package_identification:_identify(__pycache__) by extensions ['colcon_pkg']
[0.184s] Level 1:colcon.colcon_core.package_identification:_identify(__pycache__) by extension 'colcon_pkg'
[0.184s] Level 1:colcon.colcon_core.package_identification:_identify(__pycache__) by extensions ['colcon_meta']
[0.184s] Level 1:colcon.colcon_core.package_identification:_identify(__pycache__) by extension 'colcon_meta'
[0.184s] Level 1:colcon.colcon_core.package_identification:_identify(__pycache__) by extensions ['ros']
[0.184s] Level 1:colcon.colcon_core.package_identification:_identify(__pycache__) by extension 'ros'
[0.185s] Level 1:colcon.colcon_core.package_identification:_identify(__pycache__) by extensions ['cmake', 'python']
[0.185s] Level 1:colcon.colcon_core.package_identification:_identify(__pycache__) by extension 'cmake'
[0.185s] Level 1:colcon.colcon_core.package_identification:_identify(__pycache__) by extension 'python'
[0.185s] Level 1:colcon.colcon_core.package_identification:_identify(__pycache__) by extensions ['python_setup_py']
[0.185s] Level 1:colcon.colcon_core.package_identification:_identify(__pycache__) by extension 'python_setup_py'
[0.185s] Level 1:colcon.colcon_core.package_identification:_identify(autonav-master) by extensions ['ignore', 'ignore_ament_install']
[0.185s] Level 1:colcon.colcon_core.package_identification:_identify(autonav-master) by extension 'ignore'
[0.185s] Level 1:colcon.colcon_core.package_identification:_identify(autonav-master) by extension 'ignore_ament_install'
[0.185s] Level 1:colcon.colcon_core.package_identification:_identify(autonav-master) by extensions ['colcon_pkg']
[0.185s] Level 1:colcon.colcon_core.package_identification:_identify(autonav-master) by extension 'colcon_pkg'
[0.185s] Level 1:colcon.colcon_core.package_identification:_identify(autonav-master) by extensions ['colcon_meta']
[0.185s] Level 1:colcon.colcon_core.package_identification:_identify(autonav-master) by extension 'colcon_meta'
[0.185s] Level 1:colcon.colcon_core.package_identification:_identify(autonav-master) by extensions ['ros']
[0.185s] Level 1:colcon.colcon_core.package_identification:_identify(autonav-master) by extension 'ros'
[0.185s] Level 1:colcon.colcon_core.package_identification:_identify(autonav-master) by extensions ['cmake', 'python']
[0.185s] Level 1:colcon.colcon_core.package_identification:_identify(autonav-master) by extension 'cmake'
[0.185s] Level 1:colcon.colcon_core.package_identification:_identify(autonav-master) by extension 'python'
[0.185s] Level 1:colcon.colcon_core.package_identification:_identify(autonav-master) by extensions ['python_setup_py']
[0.185s] Level 1:colcon.colcon_core.package_identification:_identify(autonav-master) by extension 'python_setup_py'
[0.186s] Level 1:colcon.colcon_core.package_identification:_identify(autonav-master/src) by extensions ['ignore', 'ignore_ament_install']
[0.186s] Level 1:colcon.colcon_core.package_identification:_identify(autonav-master/src) by extension 'ignore'
[0.186s] Level 1:colcon.colcon_core.package_identification:_identify(autonav-master/src) by extension 'ignore_ament_install'
[0.186s] Level 1:colcon.colcon_core.package_identification:_identify(autonav-master/src) by extensions ['colcon_pkg']
[0.186s] Level 1:colcon.colcon_core.package_identification:_identify(autonav-master/src) by extension 'colcon_pkg'
[0.186s] Level 1:colcon.colcon_core.package_identification:_identify(autonav-master/src) by extensions ['colcon_meta']
[0.186s] Level 1:colcon.colcon_core.package_identification:_identify(autonav-master/src) by extension 'colcon_meta'
[0.186s] Level 1:colcon.colcon_core.package_identification:_identify(autonav-master/src) by extensions ['ros']
[0.186s] Level 1:colcon.colcon_core.package_identification:_identify(autonav-master/src) by extension 'ros'
[0.186s] Level 1:colcon.colcon_core.package_identification:_identify(autonav-master/src) by extensions ['cmake', 'python']
[0.186s] Level 1:colcon.colcon_core.package_identification:_identify(autonav-master/src) by extension 'cmake'
[0.186s] Level 1:colcon.colcon_core.package_identification:_identify(autonav-master/src) by extension 'python'
[0.186s] Level 1:colcon.colcon_core.package_identification:_identify(autonav-master/src) by extensions ['python_setup_py']
[0.186s] Level 1:colcon.colcon_core.package_identification:_identify(autonav-master/src) by extension 'python_setup_py'
[0.186s] Level 1:colcon.colcon_core.package_identification:_identify(autonav-master/src/autonav_utils) by extensions ['ignore', 'ignore_ament_install']
[0.186s] Level 1:colcon.colcon_core.package_identification:_identify(autonav-master/src/autonav_utils) by extension 'ignore'
[0.187s] Level 1:colcon.colcon_core.package_identification:_identify(autonav-master/src/autonav_utils) by extension 'ignore_ament_install'
[0.187s] Level 1:colcon.colcon_core.package_identification:_identify(autonav-master/src/autonav_utils) by extensions ['colcon_pkg']
[0.187s] Level 1:colcon.colcon_core.package_identification:_identify(autonav-master/src/autonav_utils) by extension 'colcon_pkg'
[0.187s] Level 1:colcon.colcon_core.package_identification:_identify(autonav-master/src/autonav_utils) by extensions ['colcon_meta']
[0.187s] Level 1:colcon.colcon_core.package_identification:_identify(autonav-master/src/autonav_utils) by extension 'colcon_meta'
[0.187s] Level 1:colcon.colcon_core.package_identification:_identify(autonav-master/src/autonav_utils) by extensions ['ros']
[0.187s] Level 1:colcon.colcon_core.package_identification:_identify(autonav-master/src/autonav_utils) by extension 'ros'
[0.187s] Level 1:colcon.colcon_core.package_identification:_identify(autonav-master/src/autonav_utils) by extensions ['cmake', 'python']
[0.187s] Level 1:colcon.colcon_core.package_identification:_identify(autonav-master/src/autonav_utils) by extension 'cmake'
[0.187s] Level 1:colcon.colcon_core.package_identification:_identify(autonav-master/src/autonav_utils) by extension 'python'
[0.187s] Level 1:colcon.colcon_core.package_identification:_identify(autonav-master/src/autonav_utils) by extensions ['python_setup_py']
[0.187s] Level 1:colcon.colcon_core.package_identification:_identify(autonav-master/src/autonav_utils) by extension 'python_setup_py'
[0.187s] Level 1:colcon.colcon_core.package_identification:_identify(autonav-master/src/autonav_utils/compass) by extensions ['ignore', 'ignore_ament_install']
[0.187s] Level 1:colcon.colcon_core.package_identification:_identify(autonav-master/src/autonav_utils/compass) by extension 'ignore'
[0.187s] Level 1:colcon.colcon_core.package_identification:_identify(autonav-master/src/autonav_utils/compass) by extension 'ignore_ament_install'
[0.187s] Level 1:colcon.colcon_core.package_identification:_identify(autonav-master/src/autonav_utils/compass) by extensions ['colcon_pkg']
[0.187s] Level 1:colcon.colcon_core.package_identification:_identify(autonav-master/src/autonav_utils/compass) by extension 'colcon_pkg'
[0.187s] Level 1:colcon.colcon_core.package_identification:_identify(autonav-master/src/autonav_utils/compass) by extensions ['colcon_meta']
[0.187s] Level 1:colcon.colcon_core.package_identification:_identify(autonav-master/src/autonav_utils/compass) by extension 'colcon_meta'
[0.188s] Level 1:colcon.colcon_core.package_identification:_identify(autonav-master/src/autonav_utils/compass) by extensions ['ros']
[0.188s] Level 1:colcon.colcon_core.package_identification:_identify(autonav-master/src/autonav_utils/compass) by extension 'ros'
[0.188s] Level 1:colcon.colcon_core.package_identification:_identify(autonav-master/src/autonav_utils/compass) by extensions ['cmake', 'python']
[0.188s] Level 1:colcon.colcon_core.package_identification:_identify(autonav-master/src/autonav_utils/compass) by extension 'cmake'
[0.188s] Level 1:colcon.colcon_core.package_identification:_identify(autonav-master/src/autonav_utils/compass) by extension 'python'
[0.188s] Level 1:colcon.colcon_core.package_identification:_identify(autonav-master/src/autonav_utils/compass) by extensions ['python_setup_py']
[0.188s] Level 1:colcon.colcon_core.package_identification:_identify(autonav-master/src/autonav_utils/compass) by extension 'python_setup_py'
[0.188s] Level 1:colcon.colcon_core.package_identification:_identify(autonav-master/src/autonav_utils/compass/img) by extensions ['ignore', 'ignore_ament_install']
[0.188s] Level 1:colcon.colcon_core.package_identification:_identify(autonav-master/src/autonav_utils/compass/img) by extension 'ignore'
[0.188s] Level 1:colcon.colcon_core.package_identification:_identify(autonav-master/src/autonav_utils/compass/img) by extension 'ignore_ament_install'
[0.188s] Level 1:colcon.colcon_core.package_identification:_identify(autonav-master/src/autonav_utils/compass/img) by extensions ['colcon_pkg']
[0.188s] Level 1:colcon.colcon_core.package_identification:_identify(autonav-master/src/autonav_utils/compass/img) by extension 'colcon_pkg'
[0.188s] Level 1:colcon.colcon_core.package_identification:_identify(autonav-master/src/autonav_utils/compass/img) by extensions ['colcon_meta']
[0.188s] Level 1:colcon.colcon_core.package_identification:_identify(autonav-master/src/autonav_utils/compass/img) by extension 'colcon_meta'
[0.188s] Level 1:colcon.colcon_core.package_identification:_identify(autonav-master/src/autonav_utils/compass/img) by extensions ['ros']
[0.188s] Level 1:colcon.colcon_core.package_identification:_identify(autonav-master/src/autonav_utils/compass/img) by extension 'ros'
[0.189s] Level 1:colcon.colcon_core.package_identification:_identify(autonav-master/src/autonav_utils/compass/img) by extensions ['cmake', 'python']
[0.189s] Level 1:colcon.colcon_core.package_identification:_identify(autonav-master/src/autonav_utils/compass/img) by extension 'cmake'
[0.189s] Level 1:colcon.colcon_core.package_identification:_identify(autonav-master/src/autonav_utils/compass/img) by extension 'python'
[0.189s] Level 1:colcon.colcon_core.package_identification:_identify(autonav-master/src/autonav_utils/compass/img) by extensions ['python_setup_py']
[0.189s] Level 1:colcon.colcon_core.package_identification:_identify(autonav-master/src/autonav_utils/compass/img) by extension 'python_setup_py'
[0.189s] Level 1:colcon.colcon_core.package_identification:_identify(autonav-master/src/compass) by extensions ['ignore', 'ignore_ament_install']
[0.189s] Level 1:colcon.colcon_core.package_identification:_identify(autonav-master/src/compass) by extension 'ignore'
[0.189s] Level 1:colcon.colcon_core.package_identification:_identify(autonav-master/src/compass) by extension 'ignore_ament_install'
[0.189s] Level 1:colcon.colcon_core.package_identification:_identify(autonav-master/src/compass) by extensions ['colcon_pkg']
[0.189s] Level 1:colcon.colcon_core.package_identification:_identify(autonav-master/src/compass) by extension 'colcon_pkg'
[0.189s] Level 1:colcon.colcon_core.package_identification:_identify(autonav-master/src/compass) by extensions ['colcon_meta']
[0.189s] Level 1:colcon.colcon_core.package_identification:_identify(autonav-master/src/compass) by extension 'colcon_meta'
[0.189s] Level 1:colcon.colcon_core.package_identification:_identify(autonav-master/src/compass) by extensions ['ros']
[0.189s] Level 1:colcon.colcon_core.package_identification:_identify(autonav-master/src/compass) by extension 'ros'
[0.192s] DEBUG:colcon.colcon_core.package_identification:Package 'autonav-master/src/compass' with type 'ros.catkin' and name 'compass'
[0.192s] Level 1:colcon.colcon_core.package_identification:_identify(autonav-master/src/ddynamic_reconfigure) by extensions ['ignore', 'ignore_ament_install']
[0.192s] Level 1:colcon.colcon_core.package_identification:_identify(autonav-master/src/ddynamic_reconfigure) by extension 'ignore'
[0.192s] Level 1:colcon.colcon_core.package_identification:_identify(autonav-master/src/ddynamic_reconfigure) by extension 'ignore_ament_install'
[0.192s] Level 1:colcon.colcon_core.package_identification:_identify(autonav-master/src/ddynamic_reconfigure) by extensions ['colcon_pkg']
[0.192s] Level 1:colcon.colcon_core.package_identification:_identify(autonav-master/src/ddynamic_reconfigure) by extension 'colcon_pkg'
[0.192s] Level 1:colcon.colcon_core.package_identification:_identify(autonav-master/src/ddynamic_reconfigure) by extensions ['colcon_meta']
[0.192s] Level 1:colcon.colcon_core.package_identification:_identify(autonav-master/src/ddynamic_reconfigure) by extension 'colcon_meta'
[0.192s] Level 1:colcon.colcon_core.package_identification:_identify(autonav-master/src/ddynamic_reconfigure) by extensions ['ros']
[0.193s] Level 1:colcon.colcon_core.package_identification:_identify(autonav-master/src/ddynamic_reconfigure) by extension 'ros'
[0.193s] DEBUG:colcon.colcon_core.package_identification:Package 'autonav-master/src/ddynamic_reconfigure' with type 'ros.catkin' and name 'ddynamic_reconfigure'
[0.193s] Level 1:colcon.colcon_core.package_identification:_identify(autonav-master/src/driving) by extensions ['ignore', 'ignore_ament_install']
[0.193s] Level 1:colcon.colcon_core.package_identification:_identify(autonav-master/src/driving) by extension 'ignore'
[0.193s] Level 1:colcon.colcon_core.package_identification:_identify(autonav-master/src/driving) by extension 'ignore_ament_install'
[0.193s] Level 1:colcon.colcon_core.package_identification:_identify(autonav-master/src/driving) by extensions ['colcon_pkg']
[0.194s] Level 1:colcon.colcon_core.package_identification:_identify(autonav-master/src/driving) by extension 'colcon_pkg'
[0.194s] Level 1:colcon.colcon_core.package_identification:_identify(autonav-master/src/driving) by extensions ['colcon_meta']
[0.194s] Level 1:colcon.colcon_core.package_identification:_identify(autonav-master/src/driving) by extension 'colcon_meta'
[0.194s] Level 1:colcon.colcon_core.package_identification:_identify(autonav-master/src/driving) by extensions ['ros']
[0.194s] Level 1:colcon.colcon_core.package_identification:_identify(autonav-master/src/driving) by extension 'ros'
[0.194s] Level 1:colcon.colcon_core.package_identification:_identify(autonav-master/src/driving) by extensions ['cmake', 'python']
[0.194s] Level 1:colcon.colcon_core.package_identification:_identify(autonav-master/src/driving) by extension 'cmake'
[0.194s] Level 1:colcon.colcon_core.package_identification:_identify(autonav-master/src/driving) by extension 'python'
[0.194s] Level 1:colcon.colcon_core.package_identification:_identify(autonav-master/src/driving) by extensions ['python_setup_py']
[0.194s] Level 1:colcon.colcon_core.package_identification:_identify(autonav-master/src/driving) by extension 'python_setup_py'
[0.194s] Level 1:colcon.colcon_core.package_identification:_identify(autonav-master/src/driving/wheels_controller) by extensions ['ignore', 'ignore_ament_install']
[0.194s] Level 1:colcon.colcon_core.package_identification:_identify(autonav-master/src/driving/wheels_controller) by extension 'ignore'
[0.194s] Level 1:colcon.colcon_core.package_identification:_identify(autonav-master/src/driving/wheels_controller) by extension 'ignore_ament_install'
[0.194s] Level 1:colcon.colcon_core.package_identification:_identify(autonav-master/src/driving/wheels_controller) by extensions ['colcon_pkg']
[0.194s] Level 1:colcon.colcon_core.package_identification:_identify(autonav-master/src/driving/wheels_controller) by extension 'colcon_pkg'
[0.195s] Level 1:colcon.colcon_core.package_identification:_identify(autonav-master/src/driving/wheels_controller) by extensions ['colcon_meta']
[0.195s] Level 1:colcon.colcon_core.package_identification:_identify(autonav-master/src/driving/wheels_controller) by extension 'colcon_meta'
[0.195s] Level 1:colcon.colcon_core.package_identification:_identify(autonav-master/src/driving/wheels_controller) by extensions ['ros']
[0.195s] Level 1:colcon.colcon_core.package_identification:_identify(autonav-master/src/driving/wheels_controller) by extension 'ros'
[0.195s] DEBUG:colcon.colcon_core.package_identification:Package 'autonav-master/src/driving/wheels_controller' with type 'ros.catkin' and name 'wheels_controller'
[0.196s] Level 1:colcon.colcon_core.package_identification:_identify(autonav-master/src/gps_connection) by extensions ['ignore', 'ignore_ament_install']
[0.196s] Level 1:colcon.colcon_core.package_identification:_identify(autonav-master/src/gps_connection) by extension 'ignore'
[0.196s] Level 1:colcon.colcon_core.package_identification:_identify(autonav-master/src/gps_connection) by extension 'ignore_ament_install'
[0.196s] Level 1:colcon.colcon_core.package_identification:_identify(autonav-master/src/gps_connection) by extensions ['colcon_pkg']
[0.196s] Level 1:colcon.colcon_core.package_identification:_identify(autonav-master/src/gps_connection) by extension 'colcon_pkg'
[0.196s] Level 1:colcon.colcon_core.package_identification:_identify(autonav-master/src/gps_connection) by extensions ['colcon_meta']
[0.196s] Level 1:colcon.colcon_core.package_identification:_identify(autonav-master/src/gps_connection) by extension 'colcon_meta'
[0.196s] Level 1:colcon.colcon_core.package_identification:_identify(autonav-master/src/gps_connection) by extensions ['ros']
[0.196s] Level 1:colcon.colcon_core.package_identification:_identify(autonav-master/src/gps_connection) by extension 'ros'
[0.197s] DEBUG:colcon.colcon_core.package_identification:Package 'autonav-master/src/gps_connection' with type 'ros.catkin' and name 'gps_connection'
[0.197s] Level 1:colcon.colcon_core.package_identification:_identify(autonav-master/src/main) by extensions ['ignore', 'ignore_ament_install']
[0.197s] Level 1:colcon.colcon_core.package_identification:_identify(autonav-master/src/main) by extension 'ignore'
[0.197s] Level 1:colcon.colcon_core.package_identification:_identify(autonav-master/src/main) by extension 'ignore_ament_install'
[0.197s] Level 1:colcon.colcon_core.package_identification:_identify(autonav-master/src/main) by extensions ['colcon_pkg']
[0.197s] Level 1:colcon.colcon_core.package_identification:_identify(autonav-master/src/main) by extension 'colcon_pkg'
[0.197s] Level 1:colcon.colcon_core.package_identification:_identify(autonav-master/src/main) by extensions ['colcon_meta']
[0.197s] Level 1:colcon.colcon_core.package_identification:_identify(autonav-master/src/main) by extension 'colcon_meta'
[0.197s] Level 1:colcon.colcon_core.package_identification:_identify(autonav-master/src/main) by extensions ['ros']
[0.197s] Level 1:colcon.colcon_core.package_identification:_identify(autonav-master/src/main) by extension 'ros'
[0.198s] DEBUG:colcon.colcon_core.package_identification:Package 'autonav-master/src/main' with type 'ros.catkin' and name 'main'
[0.198s] Level 1:colcon.colcon_core.package_identification:_identify(autonav-master/src/realsense-ros) by extensions ['ignore', 'ignore_ament_install']
[0.198s] Level 1:colcon.colcon_core.package_identification:_identify(autonav-master/src/realsense-ros) by extension 'ignore'
[0.198s] Level 1:colcon.colcon_core.package_identification:_identify(autonav-master/src/realsense-ros) by extension 'ignore_ament_install'
[0.198s] Level 1:colcon.colcon_core.package_identification:_identify(autonav-master/src/realsense-ros) by extensions ['colcon_pkg']
[0.198s] Level 1:colcon.colcon_core.package_identification:_identify(autonav-master/src/realsense-ros) by extension 'colcon_pkg'
[0.198s] Level 1:colcon.colcon_core.package_identification:_identify(autonav-master/src/realsense-ros) by extensions ['colcon_meta']
[0.198s] Level 1:colcon.colcon_core.package_identification:_identify(autonav-master/src/realsense-ros) by extension 'colcon_meta'
[0.198s] Level 1:colcon.colcon_core.package_identification:_identify(autonav-master/src/realsense-ros) by extensions ['ros']
[0.198s] Level 1:colcon.colcon_core.package_identification:_identify(autonav-master/src/realsense-ros) by extension 'ros'
[0.199s] Level 1:colcon.colcon_core.package_identification:_identify(autonav-master/src/realsense-ros) by extensions ['cmake', 'python']
[0.199s] Level 1:colcon.colcon_core.package_identification:_identify(autonav-master/src/realsense-ros) by extension 'cmake'
[0.199s] Level 1:colcon.colcon_core.package_identification:_identify(autonav-master/src/realsense-ros) by extension 'python'
[0.199s] Level 1:colcon.colcon_core.package_identification:_identify(autonav-master/src/realsense-ros) by extensions ['python_setup_py']
[0.199s] Level 1:colcon.colcon_core.package_identification:_identify(autonav-master/src/realsense-ros) by extension 'python_setup_py'
[0.199s] Level 1:colcon.colcon_core.package_identification:_identify(autonav-master/src/system) by extensions ['ignore', 'ignore_ament_install']
[0.199s] Level 1:colcon.colcon_core.package_identification:_identify(autonav-master/src/system) by extension 'ignore'
[0.199s] Level 1:colcon.colcon_core.package_identification:_identify(autonav-master/src/system) by extension 'ignore_ament_install'
[0.199s] Level 1:colcon.colcon_core.package_identification:_identify(autonav-master/src/system) by extensions ['colcon_pkg']
[0.199s] Level 1:colcon.colcon_core.package_identification:_identify(autonav-master/src/system) by extension 'colcon_pkg'
[0.199s] Level 1:colcon.colcon_core.package_identification:_identify(autonav-master/src/system) by extensions ['colcon_meta']
[0.199s] Level 1:colcon.colcon_core.package_identification:_identify(autonav-master/src/system) by extension 'colcon_meta'
[0.199s] Level 1:colcon.colcon_core.package_identification:_identify(autonav-master/src/system) by extensions ['ros']
[0.199s] Level 1:colcon.colcon_core.package_identification:_identify(autonav-master/src/system) by extension 'ros'
[0.200s] DEBUG:colcon.colcon_core.package_identification:Package 'autonav-master/src/system' with type 'ros.catkin' and name 'system'
[0.200s] Level 1:colcon.colcon_core.package_identification:_identify(autonav-master/src/tof) by extensions ['ignore', 'ignore_ament_install']
[0.200s] Level 1:colcon.colcon_core.package_identification:_identify(autonav-master/src/tof) by extension 'ignore'
[0.200s] Level 1:colcon.colcon_core.package_identification:_identify(autonav-master/src/tof) by extension 'ignore_ament_install'
[0.200s] Level 1:colcon.colcon_core.package_identification:_identify(autonav-master/src/tof) by extensions ['colcon_pkg']
[0.200s] Level 1:colcon.colcon_core.package_identification:_identify(autonav-master/src/tof) by extension 'colcon_pkg'
[0.200s] Level 1:colcon.colcon_core.package_identification:_identify(autonav-master/src/tof) by extensions ['colcon_meta']
[0.200s] Level 1:colcon.colcon_core.package_identification:_identify(autonav-master/src/tof) by extension 'colcon_meta'
[0.200s] Level 1:colcon.colcon_core.package_identification:_identify(autonav-master/src/tof) by extensions ['ros']
[0.200s] Level 1:colcon.colcon_core.package_identification:_identify(autonav-master/src/tof) by extension 'ros'
[0.201s] DEBUG:colcon.colcon_core.package_identification:Package 'autonav-master/src/tof' with type 'ros.catkin' and name 'tof_sensor'
[0.201s] Level 1:colcon.colcon_core.package_identification:_identify(autonav-master/src/utils) by extensions ['ignore', 'ignore_ament_install']
[0.201s] Level 1:colcon.colcon_core.package_identification:_identify(autonav-master/src/utils) by extension 'ignore'
[0.202s] Level 1:colcon.colcon_core.package_identification:_identify(autonav-master/src/utils) by extension 'ignore_ament_install'
[0.202s] Level 1:colcon.colcon_core.package_identification:_identify(autonav-master/src/utils) by extensions ['colcon_pkg']
[0.202s] Level 1:colcon.colcon_core.package_identification:_identify(autonav-master/src/utils) by extension 'colcon_pkg'
[0.202s] Level 1:colcon.colcon_core.package_identification:_identify(autonav-master/src/utils) by extensions ['colcon_meta']
[0.202s] Level 1:colcon.colcon_core.package_identification:_identify(autonav-master/src/utils) by extension 'colcon_meta'
[0.202s] Level 1:colcon.colcon_core.package_identification:_identify(autonav-master/src/utils) by extensions ['ros']
[0.202s] Level 1:colcon.colcon_core.package_identification:_identify(autonav-master/src/utils) by extension 'ros'
[0.202s] Level 1:colcon.colcon_core.package_identification:_identify(autonav-master/src/utils) by extensions ['cmake', 'python']
[0.202s] Level 1:colcon.colcon_core.package_identification:_identify(autonav-master/src/utils) by extension 'cmake'
[0.202s] Level 1:colcon.colcon_core.package_identification:_identify(autonav-master/src/utils) by extension 'python'
[0.202s] Level 1:colcon.colcon_core.package_identification:_identify(autonav-master/src/utils) by extensions ['python_setup_py']
[0.202s] Level 1:colcon.colcon_core.package_identification:_identify(autonav-master/src/utils) by extension 'python_setup_py'
[0.202s] Level 1:colcon.colcon_core.package_identification:_identify(autonav-master/src/utils/lights) by extensions ['ignore', 'ignore_ament_install']
[0.202s] Level 1:colcon.colcon_core.package_identification:_identify(autonav-master/src/utils/lights) by extension 'ignore'
[0.202s] Level 1:colcon.colcon_core.package_identification:_identify(autonav-master/src/utils/lights) by extension 'ignore_ament_install'
[0.202s] Level 1:colcon.colcon_core.package_identification:_identify(autonav-master/src/utils/lights) by extensions ['colcon_pkg']
[0.202s] Level 1:colcon.colcon_core.package_identification:_identify(autonav-master/src/utils/lights) by extension 'colcon_pkg'
[0.202s] Level 1:colcon.colcon_core.package_identification:_identify(autonav-master/src/utils/lights) by extensions ['colcon_meta']
[0.203s] Level 1:colcon.colcon_core.package_identification:_identify(autonav-master/src/utils/lights) by extension 'colcon_meta'
[0.203s] Level 1:colcon.colcon_core.package_identification:_identify(autonav-master/src/utils/lights) by extensions ['ros']
[0.203s] Level 1:colcon.colcon_core.package_identification:_identify(autonav-master/src/utils/lights) by extension 'ros'
[0.203s] DEBUG:colcon.colcon_core.package_identification:Package 'autonav-master/src/utils/lights' with type 'ros.catkin' and name 'lights'
[0.203s] Level 1:colcon.colcon_core.package_identification:_identify(autonav-master/src/vision) by extensions ['ignore', 'ignore_ament_install']
[0.203s] Level 1:colcon.colcon_core.package_identification:_identify(autonav-master/src/vision) by extension 'ignore'
[0.204s] Level 1:colcon.colcon_core.package_identification:_identify(autonav-master/src/vision) by extension 'ignore_ament_install'
[0.204s] Level 1:colcon.colcon_core.package_identification:_identify(autonav-master/src/vision) by extensions ['colcon_pkg']
[0.204s] Level 1:colcon.colcon_core.package_identification:_identify(autonav-master/src/vision) by extension 'colcon_pkg'
[0.204s] Level 1:colcon.colcon_core.package_identification:_identify(autonav-master/src/vision) by extensions ['colcon_meta']
[0.204s] Level 1:colcon.colcon_core.package_identification:_identify(autonav-master/src/vision) by extension 'colcon_meta'
[0.204s] Level 1:colcon.colcon_core.package_identification:_identify(autonav-master/src/vision) by extensions ['ros']
[0.204s] Level 1:colcon.colcon_core.package_identification:_identify(autonav-master/src/vision) by extension 'ros'
[0.204s] Level 1:colcon.colcon_core.package_identification:_identify(autonav-master/src/vision) by extensions ['cmake', 'python']
[0.204s] Level 1:colcon.colcon_core.package_identification:_identify(autonav-master/src/vision) by extension 'cmake'
[0.204s] Level 1:colcon.colcon_core.package_identification:_identify(autonav-master/src/vision) by extension 'python'
[0.204s] Level 1:colcon.colcon_core.package_identification:_identify(autonav-master/src/vision) by extensions ['python_setup_py']
[0.204s] Level 1:colcon.colcon_core.package_identification:_identify(autonav-master/src/vision) by extension 'python_setup_py'
[0.204s] Level 1:colcon.colcon_core.package_identification:_identify(autonav-master/src/vision/depth) by extensions ['ignore', 'ignore_ament_install']
[0.204s] Level 1:colcon.colcon_core.package_identification:_identify(autonav-master/src/vision/depth) by extension 'ignore'
[0.204s] Level 1:colcon.colcon_core.package_identification:_identify(autonav-master/src/vision/depth) by extension 'ignore_ament_install'
[0.204s] Level 1:colcon.colcon_core.package_identification:_identify(autonav-master/src/vision/depth) by extensions ['colcon_pkg']
[0.204s] Level 1:colcon.colcon_core.package_identification:_identify(autonav-master/src/vision/depth) by extension 'colcon_pkg'
[0.204s] Level 1:colcon.colcon_core.package_identification:_identify(autonav-master/src/vision/depth) by extensions ['colcon_meta']
[0.205s] Level 1:colcon.colcon_core.package_identification:_identify(autonav-master/src/vision/depth) by extension 'colcon_meta'
[0.205s] Level 1:colcon.colcon_core.package_identification:_identify(autonav-master/src/vision/depth) by extensions ['ros']
[0.205s] Level 1:colcon.colcon_core.package_identification:_identify(autonav-master/src/vision/depth) by extension 'ros'
[0.205s] DEBUG:colcon.colcon_core.package_identification:Package 'autonav-master/src/vision/depth' with type 'ros.catkin' and name 'depth'
[0.205s] Level 1:colcon.colcon_core.package_identification:_identify(autonav-master/src/vision/lines) by extensions ['ignore', 'ignore_ament_install']
[0.205s] Level 1:colcon.colcon_core.package_identification:_identify(autonav-master/src/vision/lines) by extension 'ignore'
[0.205s] Level 1:colcon.colcon_core.package_identification:_identify(autonav-master/src/vision/lines) by extension 'ignore_ament_install'
[0.206s] Level 1:colcon.colcon_core.package_identification:_identify(autonav-master/src/vision/lines) by extensions ['colcon_pkg']
[0.206s] Level 1:colcon.colcon_core.package_identification:_identify(autonav-master/src/vision/lines) by extension 'colcon_pkg'
[0.206s] Level 1:colcon.colcon_core.package_identification:_identify(autonav-master/src/vision/lines) by extensions ['colcon_meta']
[0.206s] Level 1:colcon.colcon_core.package_identification:_identify(autonav-master/src/vision/lines) by extension 'colcon_meta'
[0.206s] Level 1:colcon.colcon_core.package_identification:_identify(autonav-master/src/vision/lines) by extensions ['ros']
[0.206s] Level 1:colcon.colcon_core.package_identification:_identify(autonav-master/src/vision/lines) by extension 'ros'
[0.206s] DEBUG:colcon.colcon_core.package_identification:Package 'autonav-master/src/vision/lines' with type 'ros.catkin' and name 'lines'
[0.207s] Level 1:colcon.colcon_core.package_identification:_identify(autonav-master/src/vision/potholes) by extensions ['ignore', 'ignore_ament_install']
[0.207s] Level 1:colcon.colcon_core.package_identification:_identify(autonav-master/src/vision/potholes) by extension 'ignore'
[0.207s] Level 1:colcon.colcon_core.package_identification:_identify(autonav-master/src/vision/potholes) by extension 'ignore_ament_install'
[0.207s] Level 1:colcon.colcon_core.package_identification:_identify(autonav-master/src/vision/potholes) by extensions ['colcon_pkg']
[0.207s] Level 1:colcon.colcon_core.package_identification:_identify(autonav-master/src/vision/potholes) by extension 'colcon_pkg'
[0.207s] Level 1:colcon.colcon_core.package_identification:_identify(autonav-master/src/vision/potholes) by extensions ['colcon_meta']
[0.207s] Level 1:colcon.colcon_core.package_identification:_identify(autonav-master/src/vision/potholes) by extension 'colcon_meta'
[0.207s] Level 1:colcon.colcon_core.package_identification:_identify(autonav-master/src/vision/potholes) by extensions ['ros']
[0.207s] Level 1:colcon.colcon_core.package_identification:_identify(autonav-master/src/vision/potholes) by extension 'ros'
[0.208s] DEBUG:colcon.colcon_core.package_identification:Package 'autonav-master/src/vision/potholes' with type 'ros.catkin' and name 'potholes'
[0.208s] Level 1:colcon.colcon_core.package_identification:_identify(autonav-master/src/vision/rs_publisher) by extensions ['ignore', 'ignore_ament_install']
[0.208s] Level 1:colcon.colcon_core.package_identification:_identify(autonav-master/src/vision/rs_publisher) by extension 'ignore'
[0.208s] Level 1:colcon.colcon_core.package_identification:_identify(autonav-master/src/vision/rs_publisher) by extension 'ignore_ament_install'
[0.208s] Level 1:colcon.colcon_core.package_identification:_identify(autonav-master/src/vision/rs_publisher) by extensions ['colcon_pkg']
[0.208s] Level 1:colcon.colcon_core.package_identification:_identify(autonav-master/src/vision/rs_publisher) by extension 'colcon_pkg'
[0.208s] Level 1:colcon.colcon_core.package_identification:_identify(autonav-master/src/vision/rs_publisher) by extensions ['colcon_meta']
[0.208s] Level 1:colcon.colcon_core.package_identification:_identify(autonav-master/src/vision/rs_publisher) by extension 'colcon_meta'
[0.208s] Level 1:colcon.colcon_core.package_identification:_identify(autonav-master/src/vision/rs_publisher) by extensions ['ros']
[0.208s] Level 1:colcon.colcon_core.package_identification:_identify(autonav-master/src/vision/rs_publisher) by extension 'ros'
[0.209s] DEBUG:colcon.colcon_core.package_identification:Package 'autonav-master/src/vision/rs_publisher' with type 'ros.catkin' and name 'rs_publisher'
[0.209s] Level 1:colcon.colcon_core.package_identification:_identify(build) by extensions ['ignore', 'ignore_ament_install']
[0.209s] Level 1:colcon.colcon_core.package_identification:_identify(build) by extension 'ignore'
[0.209s] Level 1:colcon.colcon_core.package_identification:_identify(build) ignored
[0.209s] Level 1:colcon.colcon_core.package_identification:_identify(install) by extensions ['ignore', 'ignore_ament_install']
[0.209s] Level 1:colcon.colcon_core.package_identification:_identify(install) by extension 'ignore'
[0.210s] Level 1:colcon.colcon_core.package_identification:_identify(install) ignored
[0.210s] Level 1:colcon.colcon_core.package_identification:_identify(log) by extensions ['ignore', 'ignore_ament_install']
[0.210s] Level 1:colcon.colcon_core.package_identification:_identify(log) by extension 'ignore'
[0.210s] Level 1:colcon.colcon_core.package_identification:_identify(log) ignored
[0.210s] Level 1:colcon.colcon_core.package_identification:_identify(ros1_ws) by extensions ['ignore', 'ignore_ament_install']
[0.210s] Level 1:colcon.colcon_core.package_identification:_identify(ros1_ws) by extension 'ignore'
[0.210s] Level 1:colcon.colcon_core.package_identification:_identify(ros1_ws) by extension 'ignore_ament_install'
[0.210s] Level 1:colcon.colcon_core.package_identification:_identify(ros1_ws) by extensions ['colcon_pkg']
[0.210s] Level 1:colcon.colcon_core.package_identification:_identify(ros1_ws) by extension 'colcon_pkg'
[0.210s] Level 1:colcon.colcon_core.package_identification:_identify(ros1_ws) by extensions ['colcon_meta']
[0.210s] Level 1:colcon.colcon_core.package_identification:_identify(ros1_ws) by extension 'colcon_meta'
[0.210s] Level 1:colcon.colcon_core.package_identification:_identify(ros1_ws) by extensions ['ros']
[0.210s] Level 1:colcon.colcon_core.package_identification:_identify(ros1_ws) by extension 'ros'
[0.210s] Level 1:colcon.colcon_core.package_identification:_identify(ros1_ws) by extensions ['cmake', 'python']
[0.210s] Level 1:colcon.colcon_core.package_identification:_identify(ros1_ws) by extension 'cmake'
[0.210s] Level 1:colcon.colcon_core.package_identification:_identify(ros1_ws) by extension 'python'
[0.210s] Level 1:colcon.colcon_core.package_identification:_identify(ros1_ws) by extensions ['python_setup_py']
[0.211s] Level 1:colcon.colcon_core.package_identification:_identify(ros1_ws) by extension 'python_setup_py'
[0.211s] Level 1:colcon.colcon_core.package_identification:_identify(ros1_ws/build) by extensions ['ignore', 'ignore_ament_install']
[0.211s] Level 1:colcon.colcon_core.package_identification:_identify(ros1_ws/build) by extension 'ignore'
[0.211s] Level 1:colcon.colcon_core.package_identification:_identify(ros1_ws/build) by extension 'ignore_ament_install'
[0.211s] Level 1:colcon.colcon_core.package_identification:_identify(ros1_ws/build) by extensions ['colcon_pkg']
[0.211s] Level 1:colcon.colcon_core.package_identification:_identify(ros1_ws/build) by extension 'colcon_pkg'
[0.211s] Level 1:colcon.colcon_core.package_identification:_identify(ros1_ws/build) by extensions ['colcon_meta']
[0.211s] Level 1:colcon.colcon_core.package_identification:_identify(ros1_ws/build) by extension 'colcon_meta'
[0.211s] Level 1:colcon.colcon_core.package_identification:_identify(ros1_ws/build) by extensions ['ros']
[0.211s] Level 1:colcon.colcon_core.package_identification:_identify(ros1_ws/build) by extension 'ros'
[0.211s] Level 1:colcon.colcon_core.package_identification:_identify(ros1_ws/build) ignored
[0.211s] Level 1:colcon.colcon_core.package_identification:_identify(ros1_ws/devel) by extensions ['ignore', 'ignore_ament_install']
[0.211s] Level 1:colcon.colcon_core.package_identification:_identify(ros1_ws/devel) by extension 'ignore'
[0.211s] Level 1:colcon.colcon_core.package_identification:_identify(ros1_ws/devel) by extension 'ignore_ament_install'
[0.211s] Level 1:colcon.colcon_core.package_identification:_identify(ros1_ws/devel) ignored
[0.211s] Level 1:colcon.colcon_core.package_identification:_identify(ros1_ws/params) by extensions ['ignore', 'ignore_ament_install']
[0.212s] Level 1:colcon.colcon_core.package_identification:_identify(ros1_ws/params) by extension 'ignore'
[0.212s] Level 1:colcon.colcon_core.package_identification:_identify(ros1_ws/params) by extension 'ignore_ament_install'
[0.212s] Level 1:colcon.colcon_core.package_identification:_identify(ros1_ws/params) by extensions ['colcon_pkg']
[0.212s] Level 1:colcon.colcon_core.package_identification:_identify(ros1_ws/params) by extension 'colcon_pkg'
[0.212s] Level 1:colcon.colcon_core.package_identification:_identify(ros1_ws/params) by extensions ['colcon_meta']
[0.212s] Level 1:colcon.colcon_core.package_identification:_identify(ros1_ws/params) by extension 'colcon_meta'
[0.212s] Level 1:colcon.colcon_core.package_identification:_identify(ros1_ws/params) by extensions ['ros']
[0.212s] Level 1:colcon.colcon_core.package_identification:_identify(ros1_ws/params) by extension 'ros'
[0.212s] Level 1:colcon.colcon_core.package_identification:_identify(ros1_ws/params) by extensions ['cmake', 'python']
[0.212s] Level 1:colcon.colcon_core.package_identification:_identify(ros1_ws/params) by extension 'cmake'
[0.212s] Level 1:colcon.colcon_core.package_identification:_identify(ros1_ws/params) by extension 'python'
[0.212s] Level 1:colcon.colcon_core.package_identification:_identify(ros1_ws/params) by extensions ['python_setup_py']
[0.212s] Level 1:colcon.colcon_core.package_identification:_identify(ros1_ws/params) by extension 'python_setup_py'
[0.212s] Level 1:colcon.colcon_core.package_identification:_identify(ros1_ws/src) by extensions ['ignore', 'ignore_ament_install']
[0.212s] Level 1:colcon.colcon_core.package_identification:_identify(ros1_ws/src) by extension 'ignore'
[0.212s] Level 1:colcon.colcon_core.package_identification:_identify(ros1_ws/src) by extension 'ignore_ament_install'
[0.213s] Level 1:colcon.colcon_core.package_identification:_identify(ros1_ws/src) by extensions ['colcon_pkg']
[0.213s] Level 1:colcon.colcon_core.package_identification:_identify(ros1_ws/src) by extension 'colcon_pkg'
[0.213s] Level 1:colcon.colcon_core.package_identification:_identify(ros1_ws/src) by extensions ['colcon_meta']
[0.213s] Level 1:colcon.colcon_core.package_identification:_identify(ros1_ws/src) by extension 'colcon_meta'
[0.213s] Level 1:colcon.colcon_core.package_identification:_identify(ros1_ws/src) by extensions ['ros']
[0.213s] Level 1:colcon.colcon_core.package_identification:_identify(ros1_ws/src) by extension 'ros'
[0.213s] Level 1:colcon.colcon_core.package_identification:_identify(ros1_ws/src) by extensions ['cmake', 'python']
[0.213s] Level 1:colcon.colcon_core.package_identification:_identify(ros1_ws/src) by extension 'cmake'
[0.217s] Level 1:colcon.colcon_core.package_identification:_identify(ros1_ws/src) by extension 'python'
[0.217s] DEBUG:colcon.colcon_core.package_identification:Package 'ros1_ws/src' with type 'cmake' and name 'Project'
[0.217s] Level 1:colcon.colcon_core.package_identification:_identify(ros2_ws) by extensions ['ignore', 'ignore_ament_install']
[0.217s] Level 1:colcon.colcon_core.package_identification:_identify(ros2_ws) by extension 'ignore'
[0.217s] Level 1:colcon.colcon_core.package_identification:_identify(ros2_ws) by extension 'ignore_ament_install'
[0.217s] Level 1:colcon.colcon_core.package_identification:_identify(ros2_ws) by extensions ['colcon_pkg']
[0.217s] Level 1:colcon.colcon_core.package_identification:_identify(ros2_ws) by extension 'colcon_pkg'
[0.217s] Level 1:colcon.colcon_core.package_identification:_identify(ros2_ws) by extensions ['colcon_meta']
[0.218s] Level 1:colcon.colcon_core.package_identification:_identify(ros2_ws) by extension 'colcon_meta'
[0.218s] Level 1:colcon.colcon_core.package_identification:_identify(ros2_ws) by extensions ['ros']
[0.218s] Level 1:colcon.colcon_core.package_identification:_identify(ros2_ws) by extension 'ros'
[0.218s] Level 1:colcon.colcon_core.package_identification:_identify(ros2_ws) by extensions ['cmake', 'python']
[0.218s] Level 1:colcon.colcon_core.package_identification:_identify(ros2_ws) by extension 'cmake'
[0.218s] Level 1:colcon.colcon_core.package_identification:_identify(ros2_ws) by extension 'python'
[0.218s] Level 1:colcon.colcon_core.package_identification:_identify(ros2_ws) by extensions ['python_setup_py']
[0.218s] Level 1:colcon.colcon_core.package_identification:_identify(ros2_ws) by extension 'python_setup_py'
[0.218s] Level 1:colcon.colcon_core.package_identification:_identify(ros2_ws/build) by extensions ['ignore', 'ignore_ament_install']
[0.218s] Level 1:colcon.colcon_core.package_identification:_identify(ros2_ws/build) by extension 'ignore'
[0.218s] Level 1:colcon.colcon_core.package_identification:_identify(ros2_ws/build) ignored
[0.218s] Level 1:colcon.colcon_core.package_identification:_identify(ros2_ws/install) by extensions ['ignore', 'ignore_ament_install']
[0.218s] Level 1:colcon.colcon_core.package_identification:_identify(ros2_ws/install) by extension 'ignore'
[0.218s] Level 1:colcon.colcon_core.package_identification:_identify(ros2_ws/install) ignored
[0.218s] Level 1:colcon.colcon_core.package_identification:_identify(ros2_ws/log) by extensions ['ignore', 'ignore_ament_install']
[0.219s] Level 1:colcon.colcon_core.package_identification:_identify(ros2_ws/log) by extension 'ignore'
[0.219s] Level 1:colcon.colcon_core.package_identification:_identify(ros2_ws/log) ignored
[0.219s] Level 1:colcon.colcon_core.package_identification:_identify(ros2_ws/src) by extensions ['ignore', 'ignore_ament_install']
[0.219s] Level 1:colcon.colcon_core.package_identification:_identify(ros2_ws/src) by extension 'ignore'
[0.219s] Level 1:colcon.colcon_core.package_identification:_identify(ros2_ws/src) by extension 'ignore_ament_install'
[0.219s] Level 1:colcon.colcon_core.package_identification:_identify(ros2_ws/src) by extensions ['colcon_pkg']
[0.219s] Level 1:colcon.colcon_core.package_identification:_identify(ros2_ws/src) by extension 'colcon_pkg'
[0.219s] Level 1:colcon.colcon_core.package_identification:_identify(ros2_ws/src) by extensions ['colcon_meta']
[0.219s] Level 1:colcon.colcon_core.package_identification:_identify(ros2_ws/src) by extension 'colcon_meta'
[0.219s] Level 1:colcon.colcon_core.package_identification:_identify(ros2_ws/src) by extensions ['ros']
[0.219s] Level 1:colcon.colcon_core.package_identification:_identify(ros2_ws/src) by extension 'ros'
[0.219s] Level 1:colcon.colcon_core.package_identification:_identify(ros2_ws/src) by extensions ['cmake', 'python']
[0.219s] Level 1:colcon.colcon_core.package_identification:_identify(ros2_ws/src) by extension 'cmake'
[0.219s] Level 1:colcon.colcon_core.package_identification:_identify(ros2_ws/src) by extension 'python'
[0.219s] Level 1:colcon.colcon_core.package_identification:_identify(ros2_ws/src) by extensions ['python_setup_py']
[0.219s] Level 1:colcon.colcon_core.package_identification:_identify(ros2_ws/src) by extension 'python_setup_py'
[0.219s] Level 1:colcon.colcon_core.package_identification:_identify(ros2_ws/src/custom_msgs) by extensions ['ignore', 'ignore_ament_install']
[0.220s] Level 1:colcon.colcon_core.package_identification:_identify(ros2_ws/src/custom_msgs) by extension 'ignore'
[0.220s] Level 1:colcon.colcon_core.package_identification:_identify(ros2_ws/src/custom_msgs) by extension 'ignore_ament_install'
[0.220s] Level 1:colcon.colcon_core.package_identification:_identify(ros2_ws/src/custom_msgs) by extensions ['colcon_pkg']
[0.220s] Level 1:colcon.colcon_core.package_identification:_identify(ros2_ws/src/custom_msgs) by extension 'colcon_pkg'
[0.220s] Level 1:colcon.colcon_core.package_identification:_identify(ros2_ws/src/custom_msgs) by extensions ['colcon_meta']
[0.220s] Level 1:colcon.colcon_core.package_identification:_identify(ros2_ws/src/custom_msgs) by extension 'colcon_meta'
[0.220s] Level 1:colcon.colcon_core.package_identification:_identify(ros2_ws/src/custom_msgs) by extensions ['ros']
[0.220s] Level 1:colcon.colcon_core.package_identification:_identify(ros2_ws/src/custom_msgs) by extension 'ros'
[0.220s] DEBUG:colcon.colcon_core.package_identification:Package 'ros2_ws/src/custom_msgs' with type 'ros.ament_cmake' and name 'custom_msgs'
[0.221s] Level 1:colcon.colcon_core.package_identification:_identify(ros2_ws/src/driving) by extensions ['ignore', 'ignore_ament_install']
[0.221s] Level 1:colcon.colcon_core.package_identification:_identify(ros2_ws/src/driving) by extension 'ignore'
[0.221s] Level 1:colcon.colcon_core.package_identification:_identify(ros2_ws/src/driving) by extension 'ignore_ament_install'
[0.221s] Level 1:colcon.colcon_core.package_identification:_identify(ros2_ws/src/driving) by extensions ['colcon_pkg']
[0.221s] Level 1:colcon.colcon_core.package_identification:_identify(ros2_ws/src/driving) by extension 'colcon_pkg'
[0.221s] Level 1:colcon.colcon_core.package_identification:_identify(ros2_ws/src/driving) by extensions ['colcon_meta']
[0.221s] Level 1:colcon.colcon_core.package_identification:_identify(ros2_ws/src/driving) by extension 'colcon_meta'
[0.221s] Level 1:colcon.colcon_core.package_identification:_identify(ros2_ws/src/driving) by extensions ['ros']
[0.221s] Level 1:colcon.colcon_core.package_identification:_identify(ros2_ws/src/driving) by extension 'ros'
[0.221s] Level 1:colcon.colcon_core.package_identification:_identify(ros2_ws/src/driving) by extensions ['cmake', 'python']
[0.221s] Level 1:colcon.colcon_core.package_identification:_identify(ros2_ws/src/driving) by extension 'cmake'
[0.221s] Level 1:colcon.colcon_core.package_identification:_identify(ros2_ws/src/driving) by extension 'python'
[0.221s] Level 1:colcon.colcon_core.package_identification:_identify(ros2_ws/src/driving) by extensions ['python_setup_py']
[0.221s] Level 1:colcon.colcon_core.package_identification:_identify(ros2_ws/src/driving) by extension 'python_setup_py'
[0.221s] Level 1:colcon.colcon_core.package_identification:_identify(ros2_ws/src/driving/heading) by extensions ['ignore', 'ignore_ament_install']
[0.221s] Level 1:colcon.colcon_core.package_identification:_identify(ros2_ws/src/driving/heading) by extension 'ignore'
[0.222s] Level 1:colcon.colcon_core.package_identification:_identify(ros2_ws/src/driving/heading) by extension 'ignore_ament_install'
[0.222s] Level 1:colcon.colcon_core.package_identification:_identify(ros2_ws/src/driving/heading) by extensions ['colcon_pkg']
[0.222s] Level 1:colcon.colcon_core.package_identification:_identify(ros2_ws/src/driving/heading) by extension 'colcon_pkg'
[0.222s] Level 1:colcon.colcon_core.package_identification:_identify(ros2_ws/src/driving/heading) by extensions ['colcon_meta']
[0.222s] Level 1:colcon.colcon_core.package_identification:_identify(ros2_ws/src/driving/heading) by extension 'colcon_meta'
[0.222s] Level 1:colcon.colcon_core.package_identification:_identify(ros2_ws/src/driving/heading) by extensions ['ros']
[0.222s] Level 1:colcon.colcon_core.package_identification:_identify(ros2_ws/src/driving/heading) by extension 'ros'
[0.222s] DEBUG:colcon.colcon_core.package_identification:Package 'ros2_ws/src/driving/heading' with type 'ros.ament_python' and name 'heading'
[0.222s] Level 1:colcon.colcon_core.package_identification:_identify(ros2_ws/src/driving/wheels_controller) by extensions ['ignore', 'ignore_ament_install']
[0.223s] Level 1:colcon.colcon_core.package_identification:_identify(ros2_ws/src/driving/wheels_controller) by extension 'ignore'
[0.223s] Level 1:colcon.colcon_core.package_identification:_identify(ros2_ws/src/driving/wheels_controller) by extension 'ignore_ament_install'
[0.223s] Level 1:colcon.colcon_core.package_identification:_identify(ros2_ws/src/driving/wheels_controller) by extensions ['colcon_pkg']
[0.223s] Level 1:colcon.colcon_core.package_identification:_identify(ros2_ws/src/driving/wheels_controller) by extension 'colcon_pkg'
[0.223s] Level 1:colcon.colcon_core.package_identification:_identify(ros2_ws/src/driving/wheels_controller) by extensions ['colcon_meta']
[0.223s] Level 1:colcon.colcon_core.package_identification:_identify(ros2_ws/src/driving/wheels_controller) by extension 'colcon_meta'
[0.223s] Level 1:colcon.colcon_core.package_identification:_identify(ros2_ws/src/driving/wheels_controller) by extensions ['ros']
[0.223s] Level 1:colcon.colcon_core.package_identification:_identify(ros2_ws/src/driving/wheels_controller) by extension 'ros'
[0.223s] DEBUG:colcon.colcon_core.package_identification:Package 'ros2_ws/src/driving/wheels_controller' with type 'ros.ament_python' and name 'wheels_controller'
[0.224s] Level 1:colcon.colcon_core.package_identification:_identify(ros2_ws/src/master_fsm) by extensions ['ignore', 'ignore_ament_install']
[0.224s] Level 1:colcon.colcon_core.package_identification:_identify(ros2_ws/src/master_fsm) by extension 'ignore'
[0.224s] Level 1:colcon.colcon_core.package_identification:_identify(ros2_ws/src/master_fsm) by extension 'ignore_ament_install'
[0.224s] Level 1:colcon.colcon_core.package_identification:_identify(ros2_ws/src/master_fsm) by extensions ['colcon_pkg']
[0.224s] Level 1:colcon.colcon_core.package_identification:_identify(ros2_ws/src/master_fsm) by extension 'colcon_pkg'
[0.224s] Level 1:colcon.colcon_core.package_identification:_identify(ros2_ws/src/master_fsm) by extensions ['colcon_meta']
[0.224s] Level 1:colcon.colcon_core.package_identification:_identify(ros2_ws/src/master_fsm) by extension 'colcon_meta'
[0.224s] Level 1:colcon.colcon_core.package_identification:_identify(ros2_ws/src/master_fsm) by extensions ['ros']
[0.224s] Level 1:colcon.colcon_core.package_identification:_identify(ros2_ws/src/master_fsm) by extension 'ros'
[0.224s] DEBUG:colcon.colcon_core.package_identification:Package 'ros2_ws/src/master_fsm' with type 'ros.ament_python' and name 'master_fsm'
[0.225s] Level 1:colcon.colcon_core.package_identification:_identify(ros2_ws/src/robot_launch) by extensions ['ignore', 'ignore_ament_install']
[0.225s] Level 1:colcon.colcon_core.package_identification:_identify(ros2_ws/src/robot_launch) by extension 'ignore'
[0.225s] Level 1:colcon.colcon_core.package_identification:_identify(ros2_ws/src/robot_launch) by extension 'ignore_ament_install'
[0.225s] Level 1:colcon.colcon_core.package_identification:_identify(ros2_ws/src/robot_launch) by extensions ['colcon_pkg']
[0.225s] Level 1:colcon.colcon_core.package_identification:_identify(ros2_ws/src/robot_launch) by extension 'colcon_pkg'
[0.225s] Level 1:colcon.colcon_core.package_identification:_identify(ros2_ws/src/robot_launch) by extensions ['colcon_meta']
[0.225s] Level 1:colcon.colcon_core.package_identification:_identify(ros2_ws/src/robot_launch) by extension 'colcon_meta'
[0.225s] Level 1:colcon.colcon_core.package_identification:_identify(ros2_ws/src/robot_launch) by extensions ['ros']
[0.225s] Level 1:colcon.colcon_core.package_identification:_identify(ros2_ws/src/robot_launch) by extension 'ros'
[0.226s] DEBUG:colcon.colcon_core.package_identification:Package 'ros2_ws/src/robot_launch' with type 'ros.ament_cmake' and name 'robot_launch'
[0.226s] Level 1:colcon.colcon_core.package_identification:_identify(ros2_ws/src/subscriber) by extensions ['ignore', 'ignore_ament_install']
[0.226s] Level 1:colcon.colcon_core.package_identification:_identify(ros2_ws/src/subscriber) by extension 'ignore'
[0.226s] Level 1:colcon.colcon_core.package_identification:_identify(ros2_ws/src/subscriber) by extension 'ignore_ament_install'
[0.226s] Level 1:colcon.colcon_core.package_identification:_identify(ros2_ws/src/subscriber) by extensions ['colcon_pkg']
[0.226s] Level 1:colcon.colcon_core.package_identification:_identify(ros2_ws/src/subscriber) by extension 'colcon_pkg'
[0.226s] Level 1:colcon.colcon_core.package_identification:_identify(ros2_ws/src/subscriber) by extensions ['colcon_meta']
[0.226s] Level 1:colcon.colcon_core.package_identification:_identify(ros2_ws/src/subscriber) by extension 'colcon_meta'
[0.226s] Level 1:colcon.colcon_core.package_identification:_identify(ros2_ws/src/subscriber) by extensions ['ros']
[0.226s] Level 1:colcon.colcon_core.package_identification:_identify(ros2_ws/src/subscriber) by extension 'ros'
[0.227s] DEBUG:colcon.colcon_core.package_identification:Package 'ros2_ws/src/subscriber' with type 'ros.ament_python' and name 'subscriber'
[0.227s] Level 1:colcon.colcon_core.package_identification:_identify(ros2_ws/src/utils) by extensions ['ignore', 'ignore_ament_install']
[0.227s] Level 1:colcon.colcon_core.package_identification:_identify(ros2_ws/src/utils) by extension 'ignore'
[0.227s] Level 1:colcon.colcon_core.package_identification:_identify(ros2_ws/src/utils) by extension 'ignore_ament_install'
[0.227s] Level 1:colcon.colcon_core.package_identification:_identify(ros2_ws/src/utils) by extensions ['colcon_pkg']
[0.227s] Level 1:colcon.colcon_core.package_identification:_identify(ros2_ws/src/utils) by extension 'colcon_pkg'
[0.227s] Level 1:colcon.colcon_core.package_identification:_identify(ros2_ws/src/utils) by extensions ['colcon_meta']
[0.227s] Level 1:colcon.colcon_core.package_identification:_identify(ros2_ws/src/utils) by extension 'colcon_meta'
[0.227s] Level 1:colcon.colcon_core.package_identification:_identify(ros2_ws/src/utils) by extensions ['ros']
[0.227s] Level 1:colcon.colcon_core.package_identification:_identify(ros2_ws/src/utils) by extension 'ros'
[0.228s] DEBUG:colcon.colcon_core.package_identification:Package 'ros2_ws/src/utils' with type 'ros.ament_python' and name 'utils'
[0.228s] Level 1:colcon.colcon_core.package_identification:_identify(ros2_ws/src/vision) by extensions ['ignore', 'ignore_ament_install']
[0.228s] Level 1:colcon.colcon_core.package_identification:_identify(ros2_ws/src/vision) by extension 'ignore'
[0.228s] Level 1:colcon.colcon_core.package_identification:_identify(ros2_ws/src/vision) by extension 'ignore_ament_install'
[0.228s] Level 1:colcon.colcon_core.package_identification:_identify(ros2_ws/src/vision) by extensions ['colcon_pkg']
[0.228s] Level 1:colcon.colcon_core.package_identification:_identify(ros2_ws/src/vision) by extension 'colcon_pkg'
[0.228s] Level 1:colcon.colcon_core.package_identification:_identify(ros2_ws/src/vision) by extensions ['colcon_meta']
[0.228s] Level 1:colcon.colcon_core.package_identification:_identify(ros2_ws/src/vision) by extension 'colcon_meta'
[0.228s] Level 1:colcon.colcon_core.package_identification:_identify(ros2_ws/src/vision) by extensions ['ros']
[0.228s] Level 1:colcon.colcon_core.package_identification:_identify(ros2_ws/src/vision) by extension 'ros'
[0.228s] Level 1:colcon.colcon_core.package_identification:_identify(ros2_ws/src/vision) by extensions ['cmake', 'python']
[0.228s] Level 1:colcon.colcon_core.package_identification:_identify(ros2_ws/src/vision) by extension 'cmake'
[0.228s] Level 1:colcon.colcon_core.package_identification:_identify(ros2_ws/src/vision) by extension 'python'
[0.228s] Level 1:colcon.colcon_core.package_identification:_identify(ros2_ws/src/vision) by extensions ['python_setup_py']
[0.228s] Level 1:colcon.colcon_core.package_identification:_identify(ros2_ws/src/vision) by extension 'python_setup_py'
[0.229s] Level 1:colcon.colcon_core.package_identification:_identify(ros2_ws/src/vision/path_detection) by extensions ['ignore', 'ignore_ament_install']
[0.229s] Level 1:colcon.colcon_core.package_identification:_identify(ros2_ws/src/vision/path_detection) by extension 'ignore'
[0.229s] Level 1:colcon.colcon_core.package_identification:_identify(ros2_ws/src/vision/path_detection) by extension 'ignore_ament_install'
[0.229s] Level 1:colcon.colcon_core.package_identification:_identify(ros2_ws/src/vision/path_detection) by extensions ['colcon_pkg']
[0.229s] Level 1:colcon.colcon_core.package_identification:_identify(ros2_ws/src/vision/path_detection) by extension 'colcon_pkg'
[0.229s] Level 1:colcon.colcon_core.package_identification:_identify(ros2_ws/src/vision/path_detection) by extensions ['colcon_meta']
[0.229s] Level 1:colcon.colcon_core.package_identification:_identify(ros2_ws/src/vision/path_detection) by extension 'colcon_meta'
[0.229s] Level 1:colcon.colcon_core.package_identification:_identify(ros2_ws/src/vision/path_detection) by extensions ['ros']
[0.229s] Level 1:colcon.colcon_core.package_identification:_identify(ros2_ws/src/vision/path_detection) by extension 'ros'
[0.230s] DEBUG:colcon.colcon_core.package_identification:Package 'ros2_ws/src/vision/path_detection' with type 'ros.ament_python' and name 'path_detection'
[0.230s] Level 1:colcon.colcon_core.package_identification:_identify(ros2_ws/src/vision/realsense-ros) by extensions ['ignore', 'ignore_ament_install']
[0.230s] Level 1:colcon.colcon_core.package_identification:_identify(ros2_ws/src/vision/realsense-ros) by extension 'ignore'
[0.230s] Level 1:colcon.colcon_core.package_identification:_identify(ros2_ws/src/vision/realsense-ros) by extension 'ignore_ament_install'
[0.230s] Level 1:colcon.colcon_core.package_identification:_identify(ros2_ws/src/vision/realsense-ros) by extensions ['colcon_pkg']
[0.230s] Level 1:colcon.colcon_core.package_identification:_identify(ros2_ws/src/vision/realsense-ros) by extension 'colcon_pkg'
[0.230s] Level 1:colcon.colcon_core.package_identification:_identify(ros2_ws/src/vision/realsense-ros) by extensions ['colcon_meta']
[0.230s] Level 1:colcon.colcon_core.package_identification:_identify(ros2_ws/src/vision/realsense-ros) by extension 'colcon_meta'
[0.230s] Level 1:colcon.colcon_core.package_identification:_identify(ros2_ws/src/vision/realsense-ros) by extensions ['ros']
[0.230s] Level 1:colcon.colcon_core.package_identification:_identify(ros2_ws/src/vision/realsense-ros) by extension 'ros'
[0.230s] Level 1:colcon.colcon_core.package_identification:_identify(ros2_ws/src/vision/realsense-ros) by extensions ['cmake', 'python']
[0.230s] Level 1:colcon.colcon_core.package_identification:_identify(ros2_ws/src/vision/realsense-ros) by extension 'cmake'
[0.231s] Level 1:colcon.colcon_core.package_identification:_identify(ros2_ws/src/vision/realsense-ros) by extension 'python'
[0.231s] Level 1:colcon.colcon_core.package_identification:_identify(ros2_ws/src/vision/realsense-ros) by extensions ['python_setup_py']
[0.231s] Level 1:colcon.colcon_core.package_identification:_identify(ros2_ws/src/vision/realsense-ros) by extension 'python_setup_py'
[0.231s] Level 1:colcon.colcon_core.package_identification:_identify(ros2_ws/src/vision/realsense-ros/realsense2_camera) by extensions ['ignore', 'ignore_ament_install']
[0.231s] Level 1:colcon.colcon_core.package_identification:_identify(ros2_ws/src/vision/realsense-ros/realsense2_camera) by extension 'ignore'
[0.231s] Level 1:colcon.colcon_core.package_identification:_identify(ros2_ws/src/vision/realsense-ros/realsense2_camera) by extension 'ignore_ament_install'
[0.231s] Level 1:colcon.colcon_core.package_identification:_identify(ros2_ws/src/vision/realsense-ros/realsense2_camera) by extensions ['colcon_pkg']
[0.231s] Level 1:colcon.colcon_core.package_identification:_identify(ros2_ws/src/vision/realsense-ros/realsense2_camera) by extension 'colcon_pkg'
[0.231s] Level 1:colcon.colcon_core.package_identification:_identify(ros2_ws/src/vision/realsense-ros/realsense2_camera) by extensions ['colcon_meta']
[0.231s] Level 1:colcon.colcon_core.package_identification:_identify(ros2_ws/src/vision/realsense-ros/realsense2_camera) by extension 'colcon_meta'
[0.231s] Level 1:colcon.colcon_core.package_identification:_identify(ros2_ws/src/vision/realsense-ros/realsense2_camera) by extensions ['ros']
[0.231s] Level 1:colcon.colcon_core.package_identification:_identify(ros2_ws/src/vision/realsense-ros/realsense2_camera) by extension 'ros'
[0.233s] DEBUG:colcon.colcon_core.package_identification:Package 'ros2_ws/src/vision/realsense-ros/realsense2_camera' with type 'ros.ament_cmake' and name 'realsense2_camera'
[0.233s] Level 1:colcon.colcon_core.package_identification:_identify(ros2_ws/src/vision/realsense-ros/realsense2_camera_msgs) by extensions ['ignore', 'ignore_ament_install']
[0.233s] Level 1:colcon.colcon_core.package_identification:_identify(ros2_ws/src/vision/realsense-ros/realsense2_camera_msgs) by extension 'ignore'
[0.233s] Level 1:colcon.colcon_core.package_identification:_identify(ros2_ws/src/vision/realsense-ros/realsense2_camera_msgs) by extension 'ignore_ament_install'
[0.233s] Level 1:colcon.colcon_core.package_identification:_identify(ros2_ws/src/vision/realsense-ros/realsense2_camera_msgs) by extensions ['colcon_pkg']
[0.233s] Level 1:colcon.colcon_core.package_identification:_identify(ros2_ws/src/vision/realsense-ros/realsense2_camera_msgs) by extension 'colcon_pkg'
[0.233s] Level 1:colcon.colcon_core.package_identification:_identify(ros2_ws/src/vision/realsense-ros/realsense2_camera_msgs) by extensions ['colcon_meta']
[0.233s] Level 1:colcon.colcon_core.package_identification:_identify(ros2_ws/src/vision/realsense-ros/realsense2_camera_msgs) by extension 'colcon_meta'
[0.233s] Level 1:colcon.colcon_core.package_identification:_identify(ros2_ws/src/vision/realsense-ros/realsense2_camera_msgs) by extensions ['ros']
[0.233s] Level 1:colcon.colcon_core.package_identification:_identify(ros2_ws/src/vision/realsense-ros/realsense2_camera_msgs) by extension 'ros'
[0.234s] DEBUG:colcon.colcon_core.package_identification:Package 'ros2_ws/src/vision/realsense-ros/realsense2_camera_msgs' with type 'ros.ament_cmake' and name 'realsense2_camera_msgs'
[0.234s] Level 1:colcon.colcon_core.package_identification:_identify(ros2_ws/src/vision/realsense-ros/realsense2_description) by extensions ['ignore', 'ignore_ament_install']
[0.234s] Level 1:colcon.colcon_core.package_identification:_identify(ros2_ws/src/vision/realsense-ros/realsense2_description) by extension 'ignore'
[0.234s] Level 1:colcon.colcon_core.package_identification:_identify(ros2_ws/src/vision/realsense-ros/realsense2_description) by extension 'ignore_ament_install'
[0.234s] Level 1:colcon.colcon_core.package_identification:_identify(ros2_ws/src/vision/realsense-ros/realsense2_description) by extensions ['colcon_pkg']
[0.234s] Level 1:colcon.colcon_core.package_identification:_identify(ros2_ws/src/vision/realsense-ros/realsense2_description) by extension 'colcon_pkg'
[0.234s] Level 1:colcon.colcon_core.package_identification:_identify(ros2_ws/src/vision/realsense-ros/realsense2_description) by extensions ['colcon_meta']
[0.235s] Level 1:colcon.colcon_core.package_identification:_identify(ros2_ws/src/vision/realsense-ros/realsense2_description) by extension 'colcon_meta'
[0.235s] Level 1:colcon.colcon_core.package_identification:_identify(ros2_ws/src/vision/realsense-ros/realsense2_description) by extensions ['ros']
[0.235s] Level 1:colcon.colcon_core.package_identification:_identify(ros2_ws/src/vision/realsense-ros/realsense2_description) by extension 'ros'
[0.235s] DEBUG:colcon.colcon_core.package_identification:Package 'ros2_ws/src/vision/realsense-ros/realsense2_description' with type 'ros.ament_cmake' and name 'realsense2_description'
[0.236s] Level 1:colcon.colcon_core.package_identification:_identify(ros2_ws/src/vision/realsense-ros/scripts) by extensions ['ignore', 'ignore_ament_install']
[0.236s] Level 1:colcon.colcon_core.package_identification:_identify(ros2_ws/src/vision/realsense-ros/scripts) by extension 'ignore'
[0.236s] Level 1:colcon.colcon_core.package_identification:_identify(ros2_ws/src/vision/realsense-ros/scripts) by extension 'ignore_ament_install'
[0.236s] Level 1:colcon.colcon_core.package_identification:_identify(ros2_ws/src/vision/realsense-ros/scripts) by extensions ['colcon_pkg']
[0.236s] Level 1:colcon.colcon_core.package_identification:_identify(ros2_ws/src/vision/realsense-ros/scripts) by extension 'colcon_pkg'
[0.236s] Level 1:colcon.colcon_core.package_identification:_identify(ros2_ws/src/vision/realsense-ros/scripts) by extensions ['colcon_meta']
[0.236s] Level 1:colcon.colcon_core.package_identification:_identify(ros2_ws/src/vision/realsense-ros/scripts) by extension 'colcon_meta'
[0.236s] Level 1:colcon.colcon_core.package_identification:_identify(ros2_ws/src/vision/realsense-ros/scripts) by extensions ['ros']
[0.236s] Level 1:colcon.colcon_core.package_identification:_identify(ros2_ws/src/vision/realsense-ros/scripts) by extension 'ros'
[0.236s] Level 1:colcon.colcon_core.package_identification:_identify(ros2_ws/src/vision/realsense-ros/scripts) by extensions ['cmake', 'python']
[0.236s] Level 1:colcon.colcon_core.package_identification:_identify(ros2_ws/src/vision/realsense-ros/scripts) by extension 'cmake'
[0.236s] Level 1:colcon.colcon_core.package_identification:_identify(ros2_ws/src/vision/realsense-ros/scripts) by extension 'python'
[0.236s] Level 1:colcon.colcon_core.package_identification:_identify(ros2_ws/src/vision/realsense-ros/scripts) by extensions ['python_setup_py']
[0.236s] Level 1:colcon.colcon_core.package_identification:_identify(ros2_ws/src/vision/realsense-ros/scripts) by extension 'python_setup_py'
[0.236s] Level 1:colcon.colcon_core.package_identification:_identify(ros2_ws/src/vision/rplidar_ros2) by extensions ['ignore', 'ignore_ament_install']
[0.237s] Level 1:colcon.colcon_core.package_identification:_identify(ros2_ws/src/vision/rplidar_ros2) by extension 'ignore'
[0.237s] Level 1:colcon.colcon_core.package_identification:_identify(ros2_ws/src/vision/rplidar_ros2) by extension 'ignore_ament_install'
[0.237s] Level 1:colcon.colcon_core.package_identification:_identify(ros2_ws/src/vision/rplidar_ros2) by extensions ['colcon_pkg']
[0.237s] Level 1:colcon.colcon_core.package_identification:_identify(ros2_ws/src/vision/rplidar_ros2) by extension 'colcon_pkg'
[0.237s] Level 1:colcon.colcon_core.package_identification:_identify(ros2_ws/src/vision/rplidar_ros2) by extensions ['colcon_meta']
[0.237s] Level 1:colcon.colcon_core.package_identification:_identify(ros2_ws/src/vision/rplidar_ros2) by extension 'colcon_meta'
[0.237s] Level 1:colcon.colcon_core.package_identification:_identify(ros2_ws/src/vision/rplidar_ros2) by extensions ['ros']
[0.237s] Level 1:colcon.colcon_core.package_identification:_identify(ros2_ws/src/vision/rplidar_ros2) by extension 'ros'
[0.237s] DEBUG:colcon.colcon_core.package_identification:Package 'ros2_ws/src/vision/rplidar_ros2' with type 'ros.ament_cmake' and name 'rplidar_ros'
[0.238s] Level 1:colcon.colcon_core.package_discovery:discover_packages(recursive) using defaults
[0.238s] Level 1:colcon.colcon_core.package_discovery:discover_packages(ignore) discover
[0.238s] Level 1:colcon.colcon_core.package_discovery:discover_packages(ignore) using defaults
[0.238s] Level 1:colcon.colcon_core.package_discovery:discover_packages(path) discover
[0.238s] Level 1:colcon.colcon_core.package_discovery:discover_packages(path) using defaults
[0.270s] Level 1:colcon.colcon_core.package_discovery:discover_packages(prefix_path) check parameters
[0.270s] Level 1:colcon.colcon_core.package_discovery:discover_packages(prefix_path) discover
[0.274s] DEBUG:colcon.colcon_installed_package_information.package_discovery:Found 16 installed packages in /home/autonav/autonav/ros2_ws/install
[0.275s] DEBUG:colcon.colcon_installed_package_information.package_discovery:Found 270 installed packages in /opt/ros/galactic
[0.277s] Level 1:colcon.colcon_core.package_discovery:discover_packages(prefix_path) using defaults
[0.363s] WARNING:colcon.colcon_core.package_selection:Some selected packages are already built in one or more underlay workspaces:
	'custom_msgs' is in: /home/autonav/autonav/ros2_ws/install/custom_msgs
	'utils' is in: /home/autonav/autonav/ros2_ws/install/utils
If a package in a merged underlay workspace is overridden and it installs headers, then all packages in the overlay must sort their include directories by workspace order. Failure to do so may result in build failures or undefined behavior at run time.
If the overridden package is used by another package in any underlay, then the overriding package in the overlay must be API and ABI compatible or undefined behavior at run time may occur.

If you understand the risks and want to override a package anyways, add the following to the command line:
	--allow-overriding custom_msgs utils

This may be promoted to an error in a future release of colcon-override-check.
[0.363s] ERROR:colcon:colcon build: Duplicate package names not supported:
- wheels_controller:
  - autonav-master/src/driving/wheels_controller
  - ros2_ws/src/driving/wheels_controller
