[0.336s] DEBUG:colcon:Command line arguments: ['/usr/bin/colcon', 'build']
[0.336s] DEBUG:colcon:Parsed command line arguments: Namespace(allow_overriding=[], ament_cmake_args=None, base_paths=['.'], build_base='build', catkin_cmake_args=None, catkin_skip_building_tests=False, cmake_args=None, cmake_clean_cache=False, cmake_clean_first=False, cmake_force_configure=False, cmake_target=None, cmake_target_skip_unavailable=False, continue_on_error=False, event_handlers=None, executor='parallel', ignore_user_meta=False, install_base='install', log_base=None, log_level=None, main=<bound method BuildVerb.main of <colcon_core.verb.build.BuildVerb object at 0x7fa9a6085760>>, merge_install=False, metas=['./colcon.meta'], packages_above=None, packages_above_and_dependencies=None, packages_above_depth=None, packages_end=None, packages_ignore=None, packages_ignore_regex=None, packages_select=None, packages_select_build_failed=False, packages_select_by_dep=None, packages_select_regex=None, packages_select_test_failures=False, packages_skip=None, packages_skip_build_finished=False, packages_skip_by_dep=None, packages_skip_regex=None, packages_skip_test_passed=False, packages_skip_up_to=None, packages_start=None, packages_up_to=None, packages_up_to_regex=None, parallel_workers=4, paths=None, symlink_install=False, test_result_base=None, verb_extension=<colcon_core.verb.build.BuildVerb object at 0x7fa9a6085760>, verb_name='build', verb_parser=<colcon_defaults.argument_parser.defaults.DefaultArgumentsDecorator object at 0x7fa9a6085cd0>)
[0.366s] Level 1:colcon.colcon_core.package_discovery:discover_packages(colcon_meta) check parameters
[0.366s] Level 1:colcon.colcon_core.package_discovery:discover_packages(recursive) check parameters
[0.366s] Level 1:colcon.colcon_core.package_discovery:discover_packages(ignore) check parameters
[0.366s] Level 1:colcon.colcon_core.package_discovery:discover_packages(path) check parameters
[0.366s] Level 1:colcon.colcon_core.package_discovery:discover_packages(colcon_meta) discover
[0.366s] Level 1:colcon.colcon_core.package_discovery:discover_packages(recursive) discover
[0.366s] INFO:colcon.colcon_core.package_discovery:Crawling recursively for packages in '/home/autonav/autonav'
[0.366s] Level 1:colcon.colcon_core.package_identification:_identify(.) by extensions ['ignore', 'ignore_ament_install']
[0.366s] Level 1:colcon.colcon_core.package_identification:_identify(.) by extension 'ignore'
[0.367s] Level 1:colcon.colcon_core.package_identification:_identify(.) by extension 'ignore_ament_install'
[0.367s] Level 1:colcon.colcon_core.package_identification:_identify(.) by extensions ['colcon_pkg']
[0.367s] Level 1:colcon.colcon_core.package_identification:_identify(.) by extension 'colcon_pkg'
[0.367s] Level 1:colcon.colcon_core.package_identification:_identify(.) by extensions ['colcon_meta']
[0.367s] Level 1:colcon.colcon_core.package_identification:_identify(.) by extension 'colcon_meta'
[0.367s] Level 1:colcon.colcon_core.package_identification:_identify(.) by extensions ['ros']
[0.367s] Level 1:colcon.colcon_core.package_identification:_identify(.) by extension 'ros'
[0.381s] Level 1:colcon.colcon_core.package_identification:_identify(.) by extensions ['cmake', 'python']
[0.381s] Level 1:colcon.colcon_core.package_identification:_identify(.) by extension 'cmake'
[0.382s] Level 1:colcon.colcon_core.package_identification:_identify(.) by extension 'python'
[0.382s] Level 1:colcon.colcon_core.package_identification:_identify(.) by extensions ['python_setup_py']
[0.382s] Level 1:colcon.colcon_core.package_identification:_identify(.) by extension 'python_setup_py'
[0.382s] Level 1:colcon.colcon_core.package_identification:_identify(__pycache__) by extensions ['ignore', 'ignore_ament_install']
[0.382s] Level 1:colcon.colcon_core.package_identification:_identify(__pycache__) by extension 'ignore'
[0.382s] Level 1:colcon.colcon_core.package_identification:_identify(__pycache__) by extension 'ignore_ament_install'
[0.382s] Level 1:colcon.colcon_core.package_identification:_identify(__pycache__) by extensions ['colcon_pkg']
[0.382s] Level 1:colcon.colcon_core.package_identification:_identify(__pycache__) by extension 'colcon_pkg'
[0.382s] Level 1:colcon.colcon_core.package_identification:_identify(__pycache__) by extensions ['colcon_meta']
[0.382s] Level 1:colcon.colcon_core.package_identification:_identify(__pycache__) by extension 'colcon_meta'
[0.382s] Level 1:colcon.colcon_core.package_identification:_identify(__pycache__) by extensions ['ros']
[0.382s] Level 1:colcon.colcon_core.package_identification:_identify(__pycache__) by extension 'ros'
[0.382s] Level 1:colcon.colcon_core.package_identification:_identify(__pycache__) by extensions ['cmake', 'python']
[0.382s] Level 1:colcon.colcon_core.package_identification:_identify(__pycache__) by extension 'cmake'
[0.382s] Level 1:colcon.colcon_core.package_identification:_identify(__pycache__) by extension 'python'
[0.382s] Level 1:colcon.colcon_core.package_identification:_identify(__pycache__) by extensions ['python_setup_py']
[0.383s] Level 1:colcon.colcon_core.package_identification:_identify(__pycache__) by extension 'python_setup_py'
[0.383s] Level 1:colcon.colcon_core.package_identification:_identify(autonav-master) by extensions ['ignore', 'ignore_ament_install']
[0.383s] Level 1:colcon.colcon_core.package_identification:_identify(autonav-master) by extension 'ignore'
[0.383s] Level 1:colcon.colcon_core.package_identification:_identify(autonav-master) by extension 'ignore_ament_install'
[0.383s] Level 1:colcon.colcon_core.package_identification:_identify(autonav-master) by extensions ['colcon_pkg']
[0.383s] Level 1:colcon.colcon_core.package_identification:_identify(autonav-master) by extension 'colcon_pkg'
[0.383s] Level 1:colcon.colcon_core.package_identification:_identify(autonav-master) by extensions ['colcon_meta']
[0.383s] Level 1:colcon.colcon_core.package_identification:_identify(autonav-master) by extension 'colcon_meta'
[0.383s] Level 1:colcon.colcon_core.package_identification:_identify(autonav-master) by extensions ['ros']
[0.383s] Level 1:colcon.colcon_core.package_identification:_identify(autonav-master) by extension 'ros'
[0.383s] Level 1:colcon.colcon_core.package_identification:_identify(autonav-master) by extensions ['cmake', 'python']
[0.383s] Level 1:colcon.colcon_core.package_identification:_identify(autonav-master) by extension 'cmake'
[0.383s] Level 1:colcon.colcon_core.package_identification:_identify(autonav-master) by extension 'python'
[0.383s] Level 1:colcon.colcon_core.package_identification:_identify(autonav-master) by extensions ['python_setup_py']
[0.383s] Level 1:colcon.colcon_core.package_identification:_identify(autonav-master) by extension 'python_setup_py'
[0.384s] Level 1:colcon.colcon_core.package_identification:_identify(autonav-master/src) by extensions ['ignore', 'ignore_ament_install']
[0.384s] Level 1:colcon.colcon_core.package_identification:_identify(autonav-master/src) by extension 'ignore'
[0.384s] Level 1:colcon.colcon_core.package_identification:_identify(autonav-master/src) by extension 'ignore_ament_install'
[0.384s] Level 1:colcon.colcon_core.package_identification:_identify(autonav-master/src) by extensions ['colcon_pkg']
[0.384s] Level 1:colcon.colcon_core.package_identification:_identify(autonav-master/src) by extension 'colcon_pkg'
[0.384s] Level 1:colcon.colcon_core.package_identification:_identify(autonav-master/src) by extensions ['colcon_meta']
[0.384s] Level 1:colcon.colcon_core.package_identification:_identify(autonav-master/src) by extension 'colcon_meta'
[0.384s] Level 1:colcon.colcon_core.package_identification:_identify(autonav-master/src) by extensions ['ros']
[0.384s] Level 1:colcon.colcon_core.package_identification:_identify(autonav-master/src) by extension 'ros'
[0.384s] Level 1:colcon.colcon_core.package_identification:_identify(autonav-master/src) by extensions ['cmake', 'python']
[0.384s] Level 1:colcon.colcon_core.package_identification:_identify(autonav-master/src) by extension 'cmake'
[0.384s] Level 1:colcon.colcon_core.package_identification:_identify(autonav-master/src) by extension 'python'
[0.384s] Level 1:colcon.colcon_core.package_identification:_identify(autonav-master/src) by extensions ['python_setup_py']
[0.384s] Level 1:colcon.colcon_core.package_identification:_identify(autonav-master/src) by extension 'python_setup_py'
[0.385s] Level 1:colcon.colcon_core.package_identification:_identify(autonav-master/src/autonav_utils) by extensions ['ignore', 'ignore_ament_install']
[0.385s] Level 1:colcon.colcon_core.package_identification:_identify(autonav-master/src/autonav_utils) by extension 'ignore'
[0.385s] Level 1:colcon.colcon_core.package_identification:_identify(autonav-master/src/autonav_utils) by extension 'ignore_ament_install'
[0.385s] Level 1:colcon.colcon_core.package_identification:_identify(autonav-master/src/autonav_utils) by extensions ['colcon_pkg']
[0.385s] Level 1:colcon.colcon_core.package_identification:_identify(autonav-master/src/autonav_utils) by extension 'colcon_pkg'
[0.385s] Level 1:colcon.colcon_core.package_identification:_identify(autonav-master/src/autonav_utils) by extensions ['colcon_meta']
[0.385s] Level 1:colcon.colcon_core.package_identification:_identify(autonav-master/src/autonav_utils) by extension 'colcon_meta'
[0.385s] Level 1:colcon.colcon_core.package_identification:_identify(autonav-master/src/autonav_utils) by extensions ['ros']
[0.385s] Level 1:colcon.colcon_core.package_identification:_identify(autonav-master/src/autonav_utils) by extension 'ros'
[0.385s] Level 1:colcon.colcon_core.package_identification:_identify(autonav-master/src/autonav_utils) by extensions ['cmake', 'python']
[0.385s] Level 1:colcon.colcon_core.package_identification:_identify(autonav-master/src/autonav_utils) by extension 'cmake'
[0.385s] Level 1:colcon.colcon_core.package_identification:_identify(autonav-master/src/autonav_utils) by extension 'python'
[0.385s] Level 1:colcon.colcon_core.package_identification:_identify(autonav-master/src/autonav_utils) by extensions ['python_setup_py']
[0.385s] Level 1:colcon.colcon_core.package_identification:_identify(autonav-master/src/autonav_utils) by extension 'python_setup_py'
[0.386s] Level 1:colcon.colcon_core.package_identification:_identify(autonav-master/src/autonav_utils/compass) by extensions ['ignore', 'ignore_ament_install']
[0.386s] Level 1:colcon.colcon_core.package_identification:_identify(autonav-master/src/autonav_utils/compass) by extension 'ignore'
[0.386s] Level 1:colcon.colcon_core.package_identification:_identify(autonav-master/src/autonav_utils/compass) by extension 'ignore_ament_install'
[0.386s] Level 1:colcon.colcon_core.package_identification:_identify(autonav-master/src/autonav_utils/compass) by extensions ['colcon_pkg']
[0.386s] Level 1:colcon.colcon_core.package_identification:_identify(autonav-master/src/autonav_utils/compass) by extension 'colcon_pkg'
[0.386s] Level 1:colcon.colcon_core.package_identification:_identify(autonav-master/src/autonav_utils/compass) by extensions ['colcon_meta']
[0.386s] Level 1:colcon.colcon_core.package_identification:_identify(autonav-master/src/autonav_utils/compass) by extension 'colcon_meta'
[0.386s] Level 1:colcon.colcon_core.package_identification:_identify(autonav-master/src/autonav_utils/compass) by extensions ['ros']
[0.386s] Level 1:colcon.colcon_core.package_identification:_identify(autonav-master/src/autonav_utils/compass) by extension 'ros'
[0.387s] Level 1:colcon.colcon_core.package_identification:_identify(autonav-master/src/autonav_utils/compass) by extensions ['cmake', 'python']
[0.387s] Level 1:colcon.colcon_core.package_identification:_identify(autonav-master/src/autonav_utils/compass) by extension 'cmake'
[0.387s] Level 1:colcon.colcon_core.package_identification:_identify(autonav-master/src/autonav_utils/compass) by extension 'python'
[0.387s] Level 1:colcon.colcon_core.package_identification:_identify(autonav-master/src/autonav_utils/compass) by extensions ['python_setup_py']
[0.387s] Level 1:colcon.colcon_core.package_identification:_identify(autonav-master/src/autonav_utils/compass) by extension 'python_setup_py'
[0.387s] Level 1:colcon.colcon_core.package_identification:_identify(autonav-master/src/autonav_utils/compass/img) by extensions ['ignore', 'ignore_ament_install']
[0.387s] Level 1:colcon.colcon_core.package_identification:_identify(autonav-master/src/autonav_utils/compass/img) by extension 'ignore'
[0.387s] Level 1:colcon.colcon_core.package_identification:_identify(autonav-master/src/autonav_utils/compass/img) by extension 'ignore_ament_install'
[0.387s] Level 1:colcon.colcon_core.package_identification:_identify(autonav-master/src/autonav_utils/compass/img) by extensions ['colcon_pkg']
[0.387s] Level 1:colcon.colcon_core.package_identification:_identify(autonav-master/src/autonav_utils/compass/img) by extension 'colcon_pkg'
[0.387s] Level 1:colcon.colcon_core.package_identification:_identify(autonav-master/src/autonav_utils/compass/img) by extensions ['colcon_meta']
[0.387s] Level 1:colcon.colcon_core.package_identification:_identify(autonav-master/src/autonav_utils/compass/img) by extension 'colcon_meta'
[0.387s] Level 1:colcon.colcon_core.package_identification:_identify(autonav-master/src/autonav_utils/compass/img) by extensions ['ros']
[0.387s] Level 1:colcon.colcon_core.package_identification:_identify(autonav-master/src/autonav_utils/compass/img) by extension 'ros'
[0.388s] Level 1:colcon.colcon_core.package_identification:_identify(autonav-master/src/autonav_utils/compass/img) by extensions ['cmake', 'python']
[0.388s] Level 1:colcon.colcon_core.package_identification:_identify(autonav-master/src/autonav_utils/compass/img) by extension 'cmake'
[0.388s] Level 1:colcon.colcon_core.package_identification:_identify(autonav-master/src/autonav_utils/compass/img) by extension 'python'
[0.388s] Level 1:colcon.colcon_core.package_identification:_identify(autonav-master/src/autonav_utils/compass/img) by extensions ['python_setup_py']
[0.388s] Level 1:colcon.colcon_core.package_identification:_identify(autonav-master/src/autonav_utils/compass/img) by extension 'python_setup_py'
[0.388s] Level 1:colcon.colcon_core.package_identification:_identify(autonav-master/src/compass) by extensions ['ignore', 'ignore_ament_install']
[0.388s] Level 1:colcon.colcon_core.package_identification:_identify(autonav-master/src/compass) by extension 'ignore'
[0.388s] Level 1:colcon.colcon_core.package_identification:_identify(autonav-master/src/compass) by extension 'ignore_ament_install'
[0.388s] Level 1:colcon.colcon_core.package_identification:_identify(autonav-master/src/compass) by extensions ['colcon_pkg']
[0.388s] Level 1:colcon.colcon_core.package_identification:_identify(autonav-master/src/compass) by extension 'colcon_pkg'
[0.388s] Level 1:colcon.colcon_core.package_identification:_identify(autonav-master/src/compass) by extensions ['colcon_meta']
[0.388s] Level 1:colcon.colcon_core.package_identification:_identify(autonav-master/src/compass) by extension 'colcon_meta'
[0.388s] Level 1:colcon.colcon_core.package_identification:_identify(autonav-master/src/compass) by extensions ['ros']
[0.388s] Level 1:colcon.colcon_core.package_identification:_identify(autonav-master/src/compass) by extension 'ros'
[0.391s] DEBUG:colcon.colcon_core.package_identification:Package 'autonav-master/src/compass' with type 'ros.catkin' and name 'compass'
[0.392s] Level 1:colcon.colcon_core.package_identification:_identify(autonav-master/src/ddynamic_reconfigure) by extensions ['ignore', 'ignore_ament_install']
[0.392s] Level 1:colcon.colcon_core.package_identification:_identify(autonav-master/src/ddynamic_reconfigure) by extension 'ignore'
[0.392s] Level 1:colcon.colcon_core.package_identification:_identify(autonav-master/src/ddynamic_reconfigure) by extension 'ignore_ament_install'
[0.392s] Level 1:colcon.colcon_core.package_identification:_identify(autonav-master/src/ddynamic_reconfigure) by extensions ['colcon_pkg']
[0.392s] Level 1:colcon.colcon_core.package_identification:_identify(autonav-master/src/ddynamic_reconfigure) by extension 'colcon_pkg'
[0.392s] Level 1:colcon.colcon_core.package_identification:_identify(autonav-master/src/ddynamic_reconfigure) by extensions ['colcon_meta']
[0.392s] Level 1:colcon.colcon_core.package_identification:_identify(autonav-master/src/ddynamic_reconfigure) by extension 'colcon_meta'
[0.392s] Level 1:colcon.colcon_core.package_identification:_identify(autonav-master/src/ddynamic_reconfigure) by extensions ['ros']
[0.392s] Level 1:colcon.colcon_core.package_identification:_identify(autonav-master/src/ddynamic_reconfigure) by extension 'ros'
[0.393s] DEBUG:colcon.colcon_core.package_identification:Package 'autonav-master/src/ddynamic_reconfigure' with type 'ros.catkin' and name 'ddynamic_reconfigure'
[0.393s] Level 1:colcon.colcon_core.package_identification:_identify(autonav-master/src/driving) by extensions ['ignore', 'ignore_ament_install']
[0.394s] Level 1:colcon.colcon_core.package_identification:_identify(autonav-master/src/driving) by extension 'ignore'
[0.394s] Level 1:colcon.colcon_core.package_identification:_identify(autonav-master/src/driving) by extension 'ignore_ament_install'
[0.394s] Level 1:colcon.colcon_core.package_identification:_identify(autonav-master/src/driving) by extensions ['colcon_pkg']
[0.394s] Level 1:colcon.colcon_core.package_identification:_identify(autonav-master/src/driving) by extension 'colcon_pkg'
[0.394s] Level 1:colcon.colcon_core.package_identification:_identify(autonav-master/src/driving) by extensions ['colcon_meta']
[0.394s] Level 1:colcon.colcon_core.package_identification:_identify(autonav-master/src/driving) by extension 'colcon_meta'
[0.394s] Level 1:colcon.colcon_core.package_identification:_identify(autonav-master/src/driving) by extensions ['ros']
[0.394s] Level 1:colcon.colcon_core.package_identification:_identify(autonav-master/src/driving) by extension 'ros'
[0.394s] Level 1:colcon.colcon_core.package_identification:_identify(autonav-master/src/driving) by extensions ['cmake', 'python']
[0.394s] Level 1:colcon.colcon_core.package_identification:_identify(autonav-master/src/driving) by extension 'cmake'
[0.394s] Level 1:colcon.colcon_core.package_identification:_identify(autonav-master/src/driving) by extension 'python'
[0.394s] Level 1:colcon.colcon_core.package_identification:_identify(autonav-master/src/driving) by extensions ['python_setup_py']
[0.394s] Level 1:colcon.colcon_core.package_identification:_identify(autonav-master/src/driving) by extension 'python_setup_py'
[0.395s] Level 1:colcon.colcon_core.package_identification:_identify(autonav-master/src/driving/wheels_controller) by extensions ['ignore', 'ignore_ament_install']
[0.395s] Level 1:colcon.colcon_core.package_identification:_identify(autonav-master/src/driving/wheels_controller) by extension 'ignore'
[0.395s] Level 1:colcon.colcon_core.package_identification:_identify(autonav-master/src/driving/wheels_controller) by extension 'ignore_ament_install'
[0.395s] Level 1:colcon.colcon_core.package_identification:_identify(autonav-master/src/driving/wheels_controller) by extensions ['colcon_pkg']
[0.395s] Level 1:colcon.colcon_core.package_identification:_identify(autonav-master/src/driving/wheels_controller) by extension 'colcon_pkg'
[0.395s] Level 1:colcon.colcon_core.package_identification:_identify(autonav-master/src/driving/wheels_controller) by extensions ['colcon_meta']
[0.395s] Level 1:colcon.colcon_core.package_identification:_identify(autonav-master/src/driving/wheels_controller) by extension 'colcon_meta'
[0.395s] Level 1:colcon.colcon_core.package_identification:_identify(autonav-master/src/driving/wheels_controller) by extensions ['ros']
[0.395s] Level 1:colcon.colcon_core.package_identification:_identify(autonav-master/src/driving/wheels_controller) by extension 'ros'
[0.396s] DEBUG:colcon.colcon_core.package_identification:Package 'autonav-master/src/driving/wheels_controller' with type 'ros.catkin' and name 'wheels_controller'
[0.396s] Level 1:colcon.colcon_core.package_identification:_identify(autonav-master/src/gps_connection) by extensions ['ignore', 'ignore_ament_install']
[0.396s] Level 1:colcon.colcon_core.package_identification:_identify(autonav-master/src/gps_connection) by extension 'ignore'
[0.396s] Level 1:colcon.colcon_core.package_identification:_identify(autonav-master/src/gps_connection) by extension 'ignore_ament_install'
[0.397s] Level 1:colcon.colcon_core.package_identification:_identify(autonav-master/src/gps_connection) by extensions ['colcon_pkg']
[0.397s] Level 1:colcon.colcon_core.package_identification:_identify(autonav-master/src/gps_connection) by extension 'colcon_pkg'
[0.397s] Level 1:colcon.colcon_core.package_identification:_identify(autonav-master/src/gps_connection) by extensions ['colcon_meta']
[0.397s] Level 1:colcon.colcon_core.package_identification:_identify(autonav-master/src/gps_connection) by extension 'colcon_meta'
[0.397s] Level 1:colcon.colcon_core.package_identification:_identify(autonav-master/src/gps_connection) by extensions ['ros']
[0.397s] Level 1:colcon.colcon_core.package_identification:_identify(autonav-master/src/gps_connection) by extension 'ros'
[0.398s] DEBUG:colcon.colcon_core.package_identification:Package 'autonav-master/src/gps_connection' with type 'ros.catkin' and name 'gps_connection'
[0.398s] Level 1:colcon.colcon_core.package_identification:_identify(autonav-master/src/main) by extensions ['ignore', 'ignore_ament_install']
[0.398s] Level 1:colcon.colcon_core.package_identification:_identify(autonav-master/src/main) by extension 'ignore'
[0.398s] Level 1:colcon.colcon_core.package_identification:_identify(autonav-master/src/main) by extension 'ignore_ament_install'
[0.398s] Level 1:colcon.colcon_core.package_identification:_identify(autonav-master/src/main) by extensions ['colcon_pkg']
[0.398s] Level 1:colcon.colcon_core.package_identification:_identify(autonav-master/src/main) by extension 'colcon_pkg'
[0.398s] Level 1:colcon.colcon_core.package_identification:_identify(autonav-master/src/main) by extensions ['colcon_meta']
[0.398s] Level 1:colcon.colcon_core.package_identification:_identify(autonav-master/src/main) by extension 'colcon_meta'
[0.398s] Level 1:colcon.colcon_core.package_identification:_identify(autonav-master/src/main) by extensions ['ros']
[0.398s] Level 1:colcon.colcon_core.package_identification:_identify(autonav-master/src/main) by extension 'ros'
[0.399s] DEBUG:colcon.colcon_core.package_identification:Package 'autonav-master/src/main' with type 'ros.catkin' and name 'main'
[0.400s] Level 1:colcon.colcon_core.package_identification:_identify(autonav-master/src/realsense-ros) by extensions ['ignore', 'ignore_ament_install']
[0.400s] Level 1:colcon.colcon_core.package_identification:_identify(autonav-master/src/realsense-ros) by extension 'ignore'
[0.400s] Level 1:colcon.colcon_core.package_identification:_identify(autonav-master/src/realsense-ros) by extension 'ignore_ament_install'
[0.400s] Level 1:colcon.colcon_core.package_identification:_identify(autonav-master/src/realsense-ros) by extensions ['colcon_pkg']
[0.400s] Level 1:colcon.colcon_core.package_identification:_identify(autonav-master/src/realsense-ros) by extension 'colcon_pkg'
[0.400s] Level 1:colcon.colcon_core.package_identification:_identify(autonav-master/src/realsense-ros) by extensions ['colcon_meta']
[0.400s] Level 1:colcon.colcon_core.package_identification:_identify(autonav-master/src/realsense-ros) by extension 'colcon_meta'
[0.400s] Level 1:colcon.colcon_core.package_identification:_identify(autonav-master/src/realsense-ros) by extensions ['ros']
[0.400s] Level 1:colcon.colcon_core.package_identification:_identify(autonav-master/src/realsense-ros) by extension 'ros'
[0.400s] Level 1:colcon.colcon_core.package_identification:_identify(autonav-master/src/realsense-ros) by extensions ['cmake', 'python']
[0.400s] Level 1:colcon.colcon_core.package_identification:_identify(autonav-master/src/realsense-ros) by extension 'cmake'
[0.400s] Level 1:colcon.colcon_core.package_identification:_identify(autonav-master/src/realsense-ros) by extension 'python'
[0.400s] Level 1:colcon.colcon_core.package_identification:_identify(autonav-master/src/realsense-ros) by extensions ['python_setup_py']
[0.400s] Level 1:colcon.colcon_core.package_identification:_identify(autonav-master/src/realsense-ros) by extension 'python_setup_py'
[0.401s] Level 1:colcon.colcon_core.package_identification:_identify(autonav-master/src/system) by extensions ['ignore', 'ignore_ament_install']
[0.401s] Level 1:colcon.colcon_core.package_identification:_identify(autonav-master/src/system) by extension 'ignore'
[0.401s] Level 1:colcon.colcon_core.package_identification:_identify(autonav-master/src/system) by extension 'ignore_ament_install'
[0.401s] Level 1:colcon.colcon_core.package_identification:_identify(autonav-master/src/system) by extensions ['colcon_pkg']
[0.401s] Level 1:colcon.colcon_core.package_identification:_identify(autonav-master/src/system) by extension 'colcon_pkg'
[0.401s] Level 1:colcon.colcon_core.package_identification:_identify(autonav-master/src/system) by extensions ['colcon_meta']
[0.401s] Level 1:colcon.colcon_core.package_identification:_identify(autonav-master/src/system) by extension 'colcon_meta'
[0.401s] Level 1:colcon.colcon_core.package_identification:_identify(autonav-master/src/system) by extensions ['ros']
[0.401s] Level 1:colcon.colcon_core.package_identification:_identify(autonav-master/src/system) by extension 'ros'
[0.402s] DEBUG:colcon.colcon_core.package_identification:Package 'autonav-master/src/system' with type 'ros.catkin' and name 'system'
[0.402s] Level 1:colcon.colcon_core.package_identification:_identify(autonav-master/src/tof) by extensions ['ignore', 'ignore_ament_install']
[0.403s] Level 1:colcon.colcon_core.package_identification:_identify(autonav-master/src/tof) by extension 'ignore'
[0.403s] Level 1:colcon.colcon_core.package_identification:_identify(autonav-master/src/tof) by extension 'ignore_ament_install'
[0.403s] Level 1:colcon.colcon_core.package_identification:_identify(autonav-master/src/tof) by extensions ['colcon_pkg']
[0.403s] Level 1:colcon.colcon_core.package_identification:_identify(autonav-master/src/tof) by extension 'colcon_pkg'
[0.403s] Level 1:colcon.colcon_core.package_identification:_identify(autonav-master/src/tof) by extensions ['colcon_meta']
[0.403s] Level 1:colcon.colcon_core.package_identification:_identify(autonav-master/src/tof) by extension 'colcon_meta'
[0.403s] Level 1:colcon.colcon_core.package_identification:_identify(autonav-master/src/tof) by extensions ['ros']
[0.403s] Level 1:colcon.colcon_core.package_identification:_identify(autonav-master/src/tof) by extension 'ros'
[0.404s] DEBUG:colcon.colcon_core.package_identification:Package 'autonav-master/src/tof' with type 'ros.catkin' and name 'tof_sensor'
[0.404s] Level 1:colcon.colcon_core.package_identification:_identify(autonav-master/src/utils) by extensions ['ignore', 'ignore_ament_install']
[0.404s] Level 1:colcon.colcon_core.package_identification:_identify(autonav-master/src/utils) by extension 'ignore'
[0.404s] Level 1:colcon.colcon_core.package_identification:_identify(autonav-master/src/utils) by extension 'ignore_ament_install'
[0.405s] Level 1:colcon.colcon_core.package_identification:_identify(autonav-master/src/utils) by extensions ['colcon_pkg']
[0.405s] Level 1:colcon.colcon_core.package_identification:_identify(autonav-master/src/utils) by extension 'colcon_pkg'
[0.405s] Level 1:colcon.colcon_core.package_identification:_identify(autonav-master/src/utils) by extensions ['colcon_meta']
[0.405s] Level 1:colcon.colcon_core.package_identification:_identify(autonav-master/src/utils) by extension 'colcon_meta'
[0.405s] Level 1:colcon.colcon_core.package_identification:_identify(autonav-master/src/utils) by extensions ['ros']
[0.405s] Level 1:colcon.colcon_core.package_identification:_identify(autonav-master/src/utils) by extension 'ros'
[0.405s] Level 1:colcon.colcon_core.package_identification:_identify(autonav-master/src/utils) by extensions ['cmake', 'python']
[0.405s] Level 1:colcon.colcon_core.package_identification:_identify(autonav-master/src/utils) by extension 'cmake'
[0.405s] Level 1:colcon.colcon_core.package_identification:_identify(autonav-master/src/utils) by extension 'python'
[0.405s] Level 1:colcon.colcon_core.package_identification:_identify(autonav-master/src/utils) by extensions ['python_setup_py']
[0.405s] Level 1:colcon.colcon_core.package_identification:_identify(autonav-master/src/utils) by extension 'python_setup_py'
[0.405s] Level 1:colcon.colcon_core.package_identification:_identify(autonav-master/src/utils/lights) by extensions ['ignore', 'ignore_ament_install']
[0.405s] Level 1:colcon.colcon_core.package_identification:_identify(autonav-master/src/utils/lights) by extension 'ignore'
[0.406s] Level 1:colcon.colcon_core.package_identification:_identify(autonav-master/src/utils/lights) by extension 'ignore_ament_install'
[0.406s] Level 1:colcon.colcon_core.package_identification:_identify(autonav-master/src/utils/lights) by extensions ['colcon_pkg']
[0.406s] Level 1:colcon.colcon_core.package_identification:_identify(autonav-master/src/utils/lights) by extension 'colcon_pkg'
[0.406s] Level 1:colcon.colcon_core.package_identification:_identify(autonav-master/src/utils/lights) by extensions ['colcon_meta']
[0.406s] Level 1:colcon.colcon_core.package_identification:_identify(autonav-master/src/utils/lights) by extension 'colcon_meta'
[0.406s] Level 1:colcon.colcon_core.package_identification:_identify(autonav-master/src/utils/lights) by extensions ['ros']
[0.406s] Level 1:colcon.colcon_core.package_identification:_identify(autonav-master/src/utils/lights) by extension 'ros'
[0.407s] DEBUG:colcon.colcon_core.package_identification:Package 'autonav-master/src/utils/lights' with type 'ros.catkin' and name 'lights'
[0.408s] Level 1:colcon.colcon_core.package_identification:_identify(autonav-master/src/vision) by extensions ['ignore', 'ignore_ament_install']
[0.408s] Level 1:colcon.colcon_core.package_identification:_identify(autonav-master/src/vision) by extension 'ignore'
[0.408s] Level 1:colcon.colcon_core.package_identification:_identify(autonav-master/src/vision) by extension 'ignore_ament_install'
[0.408s] Level 1:colcon.colcon_core.package_identification:_identify(autonav-master/src/vision) by extensions ['colcon_pkg']
[0.408s] Level 1:colcon.colcon_core.package_identification:_identify(autonav-master/src/vision) by extension 'colcon_pkg'
[0.408s] Level 1:colcon.colcon_core.package_identification:_identify(autonav-master/src/vision) by extensions ['colcon_meta']
[0.408s] Level 1:colcon.colcon_core.package_identification:_identify(autonav-master/src/vision) by extension 'colcon_meta'
[0.408s] Level 1:colcon.colcon_core.package_identification:_identify(autonav-master/src/vision) by extensions ['ros']
[0.408s] Level 1:colcon.colcon_core.package_identification:_identify(autonav-master/src/vision) by extension 'ros'
[0.408s] Level 1:colcon.colcon_core.package_identification:_identify(autonav-master/src/vision) by extensions ['cmake', 'python']
[0.408s] Level 1:colcon.colcon_core.package_identification:_identify(autonav-master/src/vision) by extension 'cmake'
[0.408s] Level 1:colcon.colcon_core.package_identification:_identify(autonav-master/src/vision) by extension 'python'
[0.409s] Level 1:colcon.colcon_core.package_identification:_identify(autonav-master/src/vision) by extensions ['python_setup_py']
[0.409s] Level 1:colcon.colcon_core.package_identification:_identify(autonav-master/src/vision) by extension 'python_setup_py'
[0.409s] Level 1:colcon.colcon_core.package_identification:_identify(autonav-master/src/vision/depth) by extensions ['ignore', 'ignore_ament_install']
[0.409s] Level 1:colcon.colcon_core.package_identification:_identify(autonav-master/src/vision/depth) by extension 'ignore'
[0.409s] Level 1:colcon.colcon_core.package_identification:_identify(autonav-master/src/vision/depth) by extension 'ignore_ament_install'
[0.409s] Level 1:colcon.colcon_core.package_identification:_identify(autonav-master/src/vision/depth) by extensions ['colcon_pkg']
[0.409s] Level 1:colcon.colcon_core.package_identification:_identify(autonav-master/src/vision/depth) by extension 'colcon_pkg'
[0.409s] Level 1:colcon.colcon_core.package_identification:_identify(autonav-master/src/vision/depth) by extensions ['colcon_meta']
[0.409s] Level 1:colcon.colcon_core.package_identification:_identify(autonav-master/src/vision/depth) by extension 'colcon_meta'
[0.409s] Level 1:colcon.colcon_core.package_identification:_identify(autonav-master/src/vision/depth) by extensions ['ros']
[0.409s] Level 1:colcon.colcon_core.package_identification:_identify(autonav-master/src/vision/depth) by extension 'ros'
[0.410s] DEBUG:colcon.colcon_core.package_identification:Package 'autonav-master/src/vision/depth' with type 'ros.catkin' and name 'depth'
[0.410s] Level 1:colcon.colcon_core.package_identification:_identify(autonav-master/src/vision/lines) by extensions ['ignore', 'ignore_ament_install']
[0.411s] Level 1:colcon.colcon_core.package_identification:_identify(autonav-master/src/vision/lines) by extension 'ignore'
[0.411s] Level 1:colcon.colcon_core.package_identification:_identify(autonav-master/src/vision/lines) by extension 'ignore_ament_install'
[0.411s] Level 1:colcon.colcon_core.package_identification:_identify(autonav-master/src/vision/lines) by extensions ['colcon_pkg']
[0.411s] Level 1:colcon.colcon_core.package_identification:_identify(autonav-master/src/vision/lines) by extension 'colcon_pkg'
[0.411s] Level 1:colcon.colcon_core.package_identification:_identify(autonav-master/src/vision/lines) by extensions ['colcon_meta']
[0.411s] Level 1:colcon.colcon_core.package_identification:_identify(autonav-master/src/vision/lines) by extension 'colcon_meta'
[0.411s] Level 1:colcon.colcon_core.package_identification:_identify(autonav-master/src/vision/lines) by extensions ['ros']
[0.411s] Level 1:colcon.colcon_core.package_identification:_identify(autonav-master/src/vision/lines) by extension 'ros'
[0.412s] DEBUG:colcon.colcon_core.package_identification:Package 'autonav-master/src/vision/lines' with type 'ros.catkin' and name 'lines'
[0.412s] Level 1:colcon.colcon_core.package_identification:_identify(autonav-master/src/vision/potholes) by extensions ['ignore', 'ignore_ament_install']
[0.412s] Level 1:colcon.colcon_core.package_identification:_identify(autonav-master/src/vision/potholes) by extension 'ignore'
[0.412s] Level 1:colcon.colcon_core.package_identification:_identify(autonav-master/src/vision/potholes) by extension 'ignore_ament_install'
[0.412s] Level 1:colcon.colcon_core.package_identification:_identify(autonav-master/src/vision/potholes) by extensions ['colcon_pkg']
[0.412s] Level 1:colcon.colcon_core.package_identification:_identify(autonav-master/src/vision/potholes) by extension 'colcon_pkg'
[0.412s] Level 1:colcon.colcon_core.package_identification:_identify(autonav-master/src/vision/potholes) by extensions ['colcon_meta']
[0.412s] Level 1:colcon.colcon_core.package_identification:_identify(autonav-master/src/vision/potholes) by extension 'colcon_meta'
[0.413s] Level 1:colcon.colcon_core.package_identification:_identify(autonav-master/src/vision/potholes) by extensions ['ros']
[0.413s] Level 1:colcon.colcon_core.package_identification:_identify(autonav-master/src/vision/potholes) by extension 'ros'
[0.414s] DEBUG:colcon.colcon_core.package_identification:Package 'autonav-master/src/vision/potholes' with type 'ros.catkin' and name 'potholes'
[0.414s] Level 1:colcon.colcon_core.package_identification:_identify(autonav-master/src/vision/rs_publisher) by extensions ['ignore', 'ignore_ament_install']
[0.414s] Level 1:colcon.colcon_core.package_identification:_identify(autonav-master/src/vision/rs_publisher) by extension 'ignore'
[0.414s] Level 1:colcon.colcon_core.package_identification:_identify(autonav-master/src/vision/rs_publisher) by extension 'ignore_ament_install'
[0.414s] Level 1:colcon.colcon_core.package_identification:_identify(autonav-master/src/vision/rs_publisher) by extensions ['colcon_pkg']
[0.414s] Level 1:colcon.colcon_core.package_identification:_identify(autonav-master/src/vision/rs_publisher) by extension 'colcon_pkg'
[0.414s] Level 1:colcon.colcon_core.package_identification:_identify(autonav-master/src/vision/rs_publisher) by extensions ['colcon_meta']
[0.414s] Level 1:colcon.colcon_core.package_identification:_identify(autonav-master/src/vision/rs_publisher) by extension 'colcon_meta'
[0.414s] Level 1:colcon.colcon_core.package_identification:_identify(autonav-master/src/vision/rs_publisher) by extensions ['ros']
[0.414s] Level 1:colcon.colcon_core.package_identification:_identify(autonav-master/src/vision/rs_publisher) by extension 'ros'
[0.415s] DEBUG:colcon.colcon_core.package_identification:Package 'autonav-master/src/vision/rs_publisher' with type 'ros.catkin' and name 'rs_publisher'
[0.415s] Level 1:colcon.colcon_core.package_identification:_identify(build) by extensions ['ignore', 'ignore_ament_install']
[0.415s] Level 1:colcon.colcon_core.package_identification:_identify(build) by extension 'ignore'
[0.415s] Level 1:colcon.colcon_core.package_identification:_identify(build) ignored
[0.416s] Level 1:colcon.colcon_core.package_identification:_identify(install) by extensions ['ignore', 'ignore_ament_install']
[0.416s] Level 1:colcon.colcon_core.package_identification:_identify(install) by extension 'ignore'
[0.416s] Level 1:colcon.colcon_core.package_identification:_identify(install) ignored
[0.416s] Level 1:colcon.colcon_core.package_identification:_identify(log) by extensions ['ignore', 'ignore_ament_install']
[0.416s] Level 1:colcon.colcon_core.package_identification:_identify(log) by extension 'ignore'
[0.416s] Level 1:colcon.colcon_core.package_identification:_identify(log) ignored
[0.416s] Level 1:colcon.colcon_core.package_identification:_identify(ros1_ws) by extensions ['ignore', 'ignore_ament_install']
[0.416s] Level 1:colcon.colcon_core.package_identification:_identify(ros1_ws) by extension 'ignore'
[0.416s] Level 1:colcon.colcon_core.package_identification:_identify(ros1_ws) by extension 'ignore_ament_install'
[0.416s] Level 1:colcon.colcon_core.package_identification:_identify(ros1_ws) by extensions ['colcon_pkg']
[0.416s] Level 1:colcon.colcon_core.package_identification:_identify(ros1_ws) by extension 'colcon_pkg'
[0.416s] Level 1:colcon.colcon_core.package_identification:_identify(ros1_ws) by extensions ['colcon_meta']
[0.417s] Level 1:colcon.colcon_core.package_identification:_identify(ros1_ws) by extension 'colcon_meta'
[0.417s] Level 1:colcon.colcon_core.package_identification:_identify(ros1_ws) by extensions ['ros']
[0.417s] Level 1:colcon.colcon_core.package_identification:_identify(ros1_ws) by extension 'ros'
[0.417s] Level 1:colcon.colcon_core.package_identification:_identify(ros1_ws) by extensions ['cmake', 'python']
[0.417s] Level 1:colcon.colcon_core.package_identification:_identify(ros1_ws) by extension 'cmake'
[0.417s] Level 1:colcon.colcon_core.package_identification:_identify(ros1_ws) by extension 'python'
[0.417s] Level 1:colcon.colcon_core.package_identification:_identify(ros1_ws) by extensions ['python_setup_py']
[0.417s] Level 1:colcon.colcon_core.package_identification:_identify(ros1_ws) by extension 'python_setup_py'
[0.417s] Level 1:colcon.colcon_core.package_identification:_identify(ros1_ws/params) by extensions ['ignore', 'ignore_ament_install']
[0.417s] Level 1:colcon.colcon_core.package_identification:_identify(ros1_ws/params) by extension 'ignore'
[0.417s] Level 1:colcon.colcon_core.package_identification:_identify(ros1_ws/params) by extension 'ignore_ament_install'
[0.417s] Level 1:colcon.colcon_core.package_identification:_identify(ros1_ws/params) by extensions ['colcon_pkg']
[0.417s] Level 1:colcon.colcon_core.package_identification:_identify(ros1_ws/params) by extension 'colcon_pkg'
[0.417s] Level 1:colcon.colcon_core.package_identification:_identify(ros1_ws/params) by extensions ['colcon_meta']
[0.417s] Level 1:colcon.colcon_core.package_identification:_identify(ros1_ws/params) by extension 'colcon_meta'
[0.417s] Level 1:colcon.colcon_core.package_identification:_identify(ros1_ws/params) by extensions ['ros']
[0.417s] Level 1:colcon.colcon_core.package_identification:_identify(ros1_ws/params) by extension 'ros'
[0.417s] Level 1:colcon.colcon_core.package_identification:_identify(ros1_ws/params) by extensions ['cmake', 'python']
[0.418s] Level 1:colcon.colcon_core.package_identification:_identify(ros1_ws/params) by extension 'cmake'
[0.418s] Level 1:colcon.colcon_core.package_identification:_identify(ros1_ws/params) by extension 'python'
[0.418s] Level 1:colcon.colcon_core.package_identification:_identify(ros1_ws/params) by extensions ['python_setup_py']
[0.418s] Level 1:colcon.colcon_core.package_identification:_identify(ros1_ws/params) by extension 'python_setup_py'
[0.418s] Level 1:colcon.colcon_core.package_identification:_identify(ros1_ws/src) by extensions ['ignore', 'ignore_ament_install']
[0.418s] Level 1:colcon.colcon_core.package_identification:_identify(ros1_ws/src) by extension 'ignore'
[0.418s] Level 1:colcon.colcon_core.package_identification:_identify(ros1_ws/src) by extension 'ignore_ament_install'
[0.418s] Level 1:colcon.colcon_core.package_identification:_identify(ros1_ws/src) by extensions ['colcon_pkg']
[0.418s] Level 1:colcon.colcon_core.package_identification:_identify(ros1_ws/src) by extension 'colcon_pkg'
[0.418s] Level 1:colcon.colcon_core.package_identification:_identify(ros1_ws/src) by extensions ['colcon_meta']
[0.418s] Level 1:colcon.colcon_core.package_identification:_identify(ros1_ws/src) by extension 'colcon_meta'
[0.418s] Level 1:colcon.colcon_core.package_identification:_identify(ros1_ws/src) by extensions ['ros']
[0.418s] Level 1:colcon.colcon_core.package_identification:_identify(ros1_ws/src) by extension 'ros'
[0.418s] Level 1:colcon.colcon_core.package_identification:_identify(ros1_ws/src) by extensions ['cmake', 'python']
[0.418s] Level 1:colcon.colcon_core.package_identification:_identify(ros1_ws/src) by extension 'cmake'
[0.431s] Level 1:colcon.colcon_core.package_identification:_identify(ros1_ws/src) by extension 'python'
[0.431s] DEBUG:colcon.colcon_core.package_identification:Package 'ros1_ws/src' with type 'cmake' and name 'Project'
[0.431s] Level 1:colcon.colcon_core.package_identification:_identify(ros2_ws) by extensions ['ignore', 'ignore_ament_install']
[0.432s] Level 1:colcon.colcon_core.package_identification:_identify(ros2_ws) by extension 'ignore'
[0.432s] Level 1:colcon.colcon_core.package_identification:_identify(ros2_ws) by extension 'ignore_ament_install'
[0.432s] Level 1:colcon.colcon_core.package_identification:_identify(ros2_ws) by extensions ['colcon_pkg']
[0.432s] Level 1:colcon.colcon_core.package_identification:_identify(ros2_ws) by extension 'colcon_pkg'
[0.432s] Level 1:colcon.colcon_core.package_identification:_identify(ros2_ws) by extensions ['colcon_meta']
[0.432s] Level 1:colcon.colcon_core.package_identification:_identify(ros2_ws) by extension 'colcon_meta'
[0.432s] Level 1:colcon.colcon_core.package_identification:_identify(ros2_ws) by extensions ['ros']
[0.432s] Level 1:colcon.colcon_core.package_identification:_identify(ros2_ws) by extension 'ros'
[0.432s] Level 1:colcon.colcon_core.package_identification:_identify(ros2_ws) by extensions ['cmake', 'python']
[0.432s] Level 1:colcon.colcon_core.package_identification:_identify(ros2_ws) by extension 'cmake'
[0.432s] Level 1:colcon.colcon_core.package_identification:_identify(ros2_ws) by extension 'python'
[0.432s] Level 1:colcon.colcon_core.package_identification:_identify(ros2_ws) by extensions ['python_setup_py']
[0.432s] Level 1:colcon.colcon_core.package_identification:_identify(ros2_ws) by extension 'python_setup_py'
[0.432s] Level 1:colcon.colcon_core.package_identification:_identify(ros2_ws/build) by extensions ['ignore', 'ignore_ament_install']
[0.432s] Level 1:colcon.colcon_core.package_identification:_identify(ros2_ws/build) by extension 'ignore'
[0.432s] Level 1:colcon.colcon_core.package_identification:_identify(ros2_ws/build) ignored
[0.433s] Level 1:colcon.colcon_core.package_identification:_identify(ros2_ws/install) by extensions ['ignore', 'ignore_ament_install']
[0.433s] Level 1:colcon.colcon_core.package_identification:_identify(ros2_ws/install) by extension 'ignore'
[0.433s] Level 1:colcon.colcon_core.package_identification:_identify(ros2_ws/install) ignored
[0.433s] Level 1:colcon.colcon_core.package_identification:_identify(ros2_ws/log) by extensions ['ignore', 'ignore_ament_install']
[0.433s] Level 1:colcon.colcon_core.package_identification:_identify(ros2_ws/log) by extension 'ignore'
[0.433s] Level 1:colcon.colcon_core.package_identification:_identify(ros2_ws/log) ignored
[0.433s] Level 1:colcon.colcon_core.package_identification:_identify(ros2_ws/src) by extensions ['ignore', 'ignore_ament_install']
[0.433s] Level 1:colcon.colcon_core.package_identification:_identify(ros2_ws/src) by extension 'ignore'
[0.433s] Level 1:colcon.colcon_core.package_identification:_identify(ros2_ws/src) by extension 'ignore_ament_install'
[0.433s] Level 1:colcon.colcon_core.package_identification:_identify(ros2_ws/src) by extensions ['colcon_pkg']
[0.433s] Level 1:colcon.colcon_core.package_identification:_identify(ros2_ws/src) by extension 'colcon_pkg'
[0.433s] Level 1:colcon.colcon_core.package_identification:_identify(ros2_ws/src) by extensions ['colcon_meta']
[0.433s] Level 1:colcon.colcon_core.package_identification:_identify(ros2_ws/src) by extension 'colcon_meta'
[0.434s] Level 1:colcon.colcon_core.package_identification:_identify(ros2_ws/src) by extensions ['ros']
[0.434s] Level 1:colcon.colcon_core.package_identification:_identify(ros2_ws/src) by extension 'ros'
[0.434s] Level 1:colcon.colcon_core.package_identification:_identify(ros2_ws/src) by extensions ['cmake', 'python']
[0.434s] Level 1:colcon.colcon_core.package_identification:_identify(ros2_ws/src) by extension 'cmake'
[0.434s] Level 1:colcon.colcon_core.package_identification:_identify(ros2_ws/src) by extension 'python'
[0.434s] Level 1:colcon.colcon_core.package_identification:_identify(ros2_ws/src) by extensions ['python_setup_py']
[0.434s] Level 1:colcon.colcon_core.package_identification:_identify(ros2_ws/src) by extension 'python_setup_py'
[0.434s] Level 1:colcon.colcon_core.package_identification:_identify(ros2_ws/src/custom_msgs) by extensions ['ignore', 'ignore_ament_install']
[0.434s] Level 1:colcon.colcon_core.package_identification:_identify(ros2_ws/src/custom_msgs) by extension 'ignore'
[0.434s] Level 1:colcon.colcon_core.package_identification:_identify(ros2_ws/src/custom_msgs) by extension 'ignore_ament_install'
[0.434s] Level 1:colcon.colcon_core.package_identification:_identify(ros2_ws/src/custom_msgs) by extensions ['colcon_pkg']
[0.434s] Level 1:colcon.colcon_core.package_identification:_identify(ros2_ws/src/custom_msgs) by extension 'colcon_pkg'
[0.434s] Level 1:colcon.colcon_core.package_identification:_identify(ros2_ws/src/custom_msgs) by extensions ['colcon_meta']
[0.434s] Level 1:colcon.colcon_core.package_identification:_identify(ros2_ws/src/custom_msgs) by extension 'colcon_meta'
[0.434s] Level 1:colcon.colcon_core.package_identification:_identify(ros2_ws/src/custom_msgs) by extensions ['ros']
[0.434s] Level 1:colcon.colcon_core.package_identification:_identify(ros2_ws/src/custom_msgs) by extension 'ros'
[0.435s] DEBUG:colcon.colcon_core.package_identification:Package 'ros2_ws/src/custom_msgs' with type 'ros.ament_cmake' and name 'custom_msgs'
[0.435s] Level 1:colcon.colcon_core.package_identification:_identify(ros2_ws/src/driving) by extensions ['ignore', 'ignore_ament_install']
[0.435s] Level 1:colcon.colcon_core.package_identification:_identify(ros2_ws/src/driving) by extension 'ignore'
[0.435s] Level 1:colcon.colcon_core.package_identification:_identify(ros2_ws/src/driving) by extension 'ignore_ament_install'
[0.435s] Level 1:colcon.colcon_core.package_identification:_identify(ros2_ws/src/driving) by extensions ['colcon_pkg']
[0.435s] Level 1:colcon.colcon_core.package_identification:_identify(ros2_ws/src/driving) by extension 'colcon_pkg'
[0.435s] Level 1:colcon.colcon_core.package_identification:_identify(ros2_ws/src/driving) by extensions ['colcon_meta']
[0.435s] Level 1:colcon.colcon_core.package_identification:_identify(ros2_ws/src/driving) by extension 'colcon_meta'
[0.435s] Level 1:colcon.colcon_core.package_identification:_identify(ros2_ws/src/driving) by extensions ['ros']
[0.435s] Level 1:colcon.colcon_core.package_identification:_identify(ros2_ws/src/driving) by extension 'ros'
[0.436s] Level 1:colcon.colcon_core.package_identification:_identify(ros2_ws/src/driving) by extensions ['cmake', 'python']
[0.436s] Level 1:colcon.colcon_core.package_identification:_identify(ros2_ws/src/driving) by extension 'cmake'
[0.436s] Level 1:colcon.colcon_core.package_identification:_identify(ros2_ws/src/driving) by extension 'python'
[0.436s] Level 1:colcon.colcon_core.package_identification:_identify(ros2_ws/src/driving) by extensions ['python_setup_py']
[0.436s] Level 1:colcon.colcon_core.package_identification:_identify(ros2_ws/src/driving) by extension 'python_setup_py'
[0.436s] Level 1:colcon.colcon_core.package_identification:_identify(ros2_ws/src/driving/heading) by extensions ['ignore', 'ignore_ament_install']
[0.436s] Level 1:colcon.colcon_core.package_identification:_identify(ros2_ws/src/driving/heading) by extension 'ignore'
[0.436s] Level 1:colcon.colcon_core.package_identification:_identify(ros2_ws/src/driving/heading) by extension 'ignore_ament_install'
[0.436s] Level 1:colcon.colcon_core.package_identification:_identify(ros2_ws/src/driving/heading) by extensions ['colcon_pkg']
[0.436s] Level 1:colcon.colcon_core.package_identification:_identify(ros2_ws/src/driving/heading) by extension 'colcon_pkg'
[0.436s] Level 1:colcon.colcon_core.package_identification:_identify(ros2_ws/src/driving/heading) by extensions ['colcon_meta']
[0.436s] Level 1:colcon.colcon_core.package_identification:_identify(ros2_ws/src/driving/heading) by extension 'colcon_meta'
[0.436s] Level 1:colcon.colcon_core.package_identification:_identify(ros2_ws/src/driving/heading) by extensions ['ros']
[0.436s] Level 1:colcon.colcon_core.package_identification:_identify(ros2_ws/src/driving/heading) by extension 'ros'
[0.437s] DEBUG:colcon.colcon_core.package_identification:Package 'ros2_ws/src/driving/heading' with type 'ros.ament_python' and name 'heading'
[0.437s] Level 1:colcon.colcon_core.package_identification:_identify(ros2_ws/src/driving/wheels_controller) by extensions ['ignore', 'ignore_ament_install']
[0.437s] Level 1:colcon.colcon_core.package_identification:_identify(ros2_ws/src/driving/wheels_controller) by extension 'ignore'
[0.437s] Level 1:colcon.colcon_core.package_identification:_identify(ros2_ws/src/driving/wheels_controller) by extension 'ignore_ament_install'
[0.437s] Level 1:colcon.colcon_core.package_identification:_identify(ros2_ws/src/driving/wheels_controller) by extensions ['colcon_pkg']
[0.437s] Level 1:colcon.colcon_core.package_identification:_identify(ros2_ws/src/driving/wheels_controller) by extension 'colcon_pkg'
[0.437s] Level 1:colcon.colcon_core.package_identification:_identify(ros2_ws/src/driving/wheels_controller) by extensions ['colcon_meta']
[0.437s] Level 1:colcon.colcon_core.package_identification:_identify(ros2_ws/src/driving/wheels_controller) by extension 'colcon_meta'
[0.437s] Level 1:colcon.colcon_core.package_identification:_identify(ros2_ws/src/driving/wheels_controller) by extensions ['ros']
[0.438s] Level 1:colcon.colcon_core.package_identification:_identify(ros2_ws/src/driving/wheels_controller) by extension 'ros'
[0.438s] DEBUG:colcon.colcon_core.package_identification:Package 'ros2_ws/src/driving/wheels_controller' with type 'ros.ament_python' and name 'wheels_controller'
[0.438s] Level 1:colcon.colcon_core.package_identification:_identify(ros2_ws/src/master_fsm) by extensions ['ignore', 'ignore_ament_install']
[0.438s] Level 1:colcon.colcon_core.package_identification:_identify(ros2_ws/src/master_fsm) by extension 'ignore'
[0.438s] Level 1:colcon.colcon_core.package_identification:_identify(ros2_ws/src/master_fsm) by extension 'ignore_ament_install'
[0.439s] Level 1:colcon.colcon_core.package_identification:_identify(ros2_ws/src/master_fsm) by extensions ['colcon_pkg']
[0.439s] Level 1:colcon.colcon_core.package_identification:_identify(ros2_ws/src/master_fsm) by extension 'colcon_pkg'
[0.439s] Level 1:colcon.colcon_core.package_identification:_identify(ros2_ws/src/master_fsm) by extensions ['colcon_meta']
[0.439s] Level 1:colcon.colcon_core.package_identification:_identify(ros2_ws/src/master_fsm) by extension 'colcon_meta'
[0.439s] Level 1:colcon.colcon_core.package_identification:_identify(ros2_ws/src/master_fsm) by extensions ['ros']
[0.439s] Level 1:colcon.colcon_core.package_identification:_identify(ros2_ws/src/master_fsm) by extension 'ros'
[0.439s] DEBUG:colcon.colcon_core.package_identification:Package 'ros2_ws/src/master_fsm' with type 'ros.ament_python' and name 'master_fsm'
[0.439s] Level 1:colcon.colcon_core.package_identification:_identify(ros2_ws/src/robot_launch) by extensions ['ignore', 'ignore_ament_install']
[0.439s] Level 1:colcon.colcon_core.package_identification:_identify(ros2_ws/src/robot_launch) by extension 'ignore'
[0.440s] Level 1:colcon.colcon_core.package_identification:_identify(ros2_ws/src/robot_launch) by extension 'ignore_ament_install'
[0.440s] Level 1:colcon.colcon_core.package_identification:_identify(ros2_ws/src/robot_launch) by extensions ['colcon_pkg']
[0.440s] Level 1:colcon.colcon_core.package_identification:_identify(ros2_ws/src/robot_launch) by extension 'colcon_pkg'
[0.440s] Level 1:colcon.colcon_core.package_identification:_identify(ros2_ws/src/robot_launch) by extensions ['colcon_meta']
[0.440s] Level 1:colcon.colcon_core.package_identification:_identify(ros2_ws/src/robot_launch) by extension 'colcon_meta'
[0.440s] Level 1:colcon.colcon_core.package_identification:_identify(ros2_ws/src/robot_launch) by extensions ['ros']
[0.440s] Level 1:colcon.colcon_core.package_identification:_identify(ros2_ws/src/robot_launch) by extension 'ros'
[0.440s] DEBUG:colcon.colcon_core.package_identification:Package 'ros2_ws/src/robot_launch' with type 'ros.ament_cmake' and name 'robot_launch'
[0.441s] Level 1:colcon.colcon_core.package_identification:_identify(ros2_ws/src/subscriber) by extensions ['ignore', 'ignore_ament_install']
[0.441s] Level 1:colcon.colcon_core.package_identification:_identify(ros2_ws/src/subscriber) by extension 'ignore'
[0.441s] Level 1:colcon.colcon_core.package_identification:_identify(ros2_ws/src/subscriber) by extension 'ignore_ament_install'
[0.441s] Level 1:colcon.colcon_core.package_identification:_identify(ros2_ws/src/subscriber) by extensions ['colcon_pkg']
[0.441s] Level 1:colcon.colcon_core.package_identification:_identify(ros2_ws/src/subscriber) by extension 'colcon_pkg'
[0.441s] Level 1:colcon.colcon_core.package_identification:_identify(ros2_ws/src/subscriber) by extensions ['colcon_meta']
[0.441s] Level 1:colcon.colcon_core.package_identification:_identify(ros2_ws/src/subscriber) by extension 'colcon_meta'
[0.441s] Level 1:colcon.colcon_core.package_identification:_identify(ros2_ws/src/subscriber) by extensions ['ros']
[0.441s] Level 1:colcon.colcon_core.package_identification:_identify(ros2_ws/src/subscriber) by extension 'ros'
[0.441s] DEBUG:colcon.colcon_core.package_identification:Package 'ros2_ws/src/subscriber' with type 'ros.ament_python' and name 'subscriber'
[0.442s] Level 1:colcon.colcon_core.package_identification:_identify(ros2_ws/src/utils) by extensions ['ignore', 'ignore_ament_install']
[0.442s] Level 1:colcon.colcon_core.package_identification:_identify(ros2_ws/src/utils) by extension 'ignore'
[0.442s] Level 1:colcon.colcon_core.package_identification:_identify(ros2_ws/src/utils) by extension 'ignore_ament_install'
[0.442s] Level 1:colcon.colcon_core.package_identification:_identify(ros2_ws/src/utils) by extensions ['colcon_pkg']
[0.442s] Level 1:colcon.colcon_core.package_identification:_identify(ros2_ws/src/utils) by extension 'colcon_pkg'
[0.442s] Level 1:colcon.colcon_core.package_identification:_identify(ros2_ws/src/utils) by extensions ['colcon_meta']
[0.442s] Level 1:colcon.colcon_core.package_identification:_identify(ros2_ws/src/utils) by extension 'colcon_meta'
[0.442s] Level 1:colcon.colcon_core.package_identification:_identify(ros2_ws/src/utils) by extensions ['ros']
[0.442s] Level 1:colcon.colcon_core.package_identification:_identify(ros2_ws/src/utils) by extension 'ros'
[0.442s] DEBUG:colcon.colcon_core.package_identification:Package 'ros2_ws/src/utils' with type 'ros.ament_python' and name 'utils'
[0.443s] Level 1:colcon.colcon_core.package_identification:_identify(ros2_ws/src/vision) by extensions ['ignore', 'ignore_ament_install']
[0.443s] Level 1:colcon.colcon_core.package_identification:_identify(ros2_ws/src/vision) by extension 'ignore'
[0.443s] Level 1:colcon.colcon_core.package_identification:_identify(ros2_ws/src/vision) by extension 'ignore_ament_install'
[0.443s] Level 1:colcon.colcon_core.package_identification:_identify(ros2_ws/src/vision) by extensions ['colcon_pkg']
[0.443s] Level 1:colcon.colcon_core.package_identification:_identify(ros2_ws/src/vision) by extension 'colcon_pkg'
[0.443s] Level 1:colcon.colcon_core.package_identification:_identify(ros2_ws/src/vision) by extensions ['colcon_meta']
[0.443s] Level 1:colcon.colcon_core.package_identification:_identify(ros2_ws/src/vision) by extension 'colcon_meta'
[0.443s] Level 1:colcon.colcon_core.package_identification:_identify(ros2_ws/src/vision) by extensions ['ros']
[0.443s] Level 1:colcon.colcon_core.package_identification:_identify(ros2_ws/src/vision) by extension 'ros'
[0.443s] Level 1:colcon.colcon_core.package_identification:_identify(ros2_ws/src/vision) by extensions ['cmake', 'python']
[0.443s] Level 1:colcon.colcon_core.package_identification:_identify(ros2_ws/src/vision) by extension 'cmake'
[0.443s] Level 1:colcon.colcon_core.package_identification:_identify(ros2_ws/src/vision) by extension 'python'
[0.443s] Level 1:colcon.colcon_core.package_identification:_identify(ros2_ws/src/vision) by extensions ['python_setup_py']
[0.443s] Level 1:colcon.colcon_core.package_identification:_identify(ros2_ws/src/vision) by extension 'python_setup_py'
[0.444s] Level 1:colcon.colcon_core.package_identification:_identify(ros2_ws/src/vision/path_detection) by extensions ['ignore', 'ignore_ament_install']
[0.444s] Level 1:colcon.colcon_core.package_identification:_identify(ros2_ws/src/vision/path_detection) by extension 'ignore'
[0.444s] Level 1:colcon.colcon_core.package_identification:_identify(ros2_ws/src/vision/path_detection) by extension 'ignore_ament_install'
[0.444s] Level 1:colcon.colcon_core.package_identification:_identify(ros2_ws/src/vision/path_detection) by extensions ['colcon_pkg']
[0.444s] Level 1:colcon.colcon_core.package_identification:_identify(ros2_ws/src/vision/path_detection) by extension 'colcon_pkg'
[0.444s] Level 1:colcon.colcon_core.package_identification:_identify(ros2_ws/src/vision/path_detection) by extensions ['colcon_meta']
[0.444s] Level 1:colcon.colcon_core.package_identification:_identify(ros2_ws/src/vision/path_detection) by extension 'colcon_meta'
[0.444s] Level 1:colcon.colcon_core.package_identification:_identify(ros2_ws/src/vision/path_detection) by extensions ['ros']
[0.444s] Level 1:colcon.colcon_core.package_identification:_identify(ros2_ws/src/vision/path_detection) by extension 'ros'
[0.445s] DEBUG:colcon.colcon_core.package_identification:Package 'ros2_ws/src/vision/path_detection' with type 'ros.ament_python' and name 'path_detection'
[0.445s] Level 1:colcon.colcon_core.package_identification:_identify(ros2_ws/src/vision/realsense-ros) by extensions ['ignore', 'ignore_ament_install']
[0.445s] Level 1:colcon.colcon_core.package_identification:_identify(ros2_ws/src/vision/realsense-ros) by extension 'ignore'
[0.445s] Level 1:colcon.colcon_core.package_identification:_identify(ros2_ws/src/vision/realsense-ros) by extension 'ignore_ament_install'
[0.445s] Level 1:colcon.colcon_core.package_identification:_identify(ros2_ws/src/vision/realsense-ros) by extensions ['colcon_pkg']
[0.445s] Level 1:colcon.colcon_core.package_identification:_identify(ros2_ws/src/vision/realsense-ros) by extension 'colcon_pkg'
[0.445s] Level 1:colcon.colcon_core.package_identification:_identify(ros2_ws/src/vision/realsense-ros) by extensions ['colcon_meta']
[0.445s] Level 1:colcon.colcon_core.package_identification:_identify(ros2_ws/src/vision/realsense-ros) by extension 'colcon_meta'
[0.445s] Level 1:colcon.colcon_core.package_identification:_identify(ros2_ws/src/vision/realsense-ros) by extensions ['ros']
[0.445s] Level 1:colcon.colcon_core.package_identification:_identify(ros2_ws/src/vision/realsense-ros) by extension 'ros'
[0.446s] Level 1:colcon.colcon_core.package_identification:_identify(ros2_ws/src/vision/realsense-ros) by extensions ['cmake', 'python']
[0.446s] Level 1:colcon.colcon_core.package_identification:_identify(ros2_ws/src/vision/realsense-ros) by extension 'cmake'
[0.446s] Level 1:colcon.colcon_core.package_identification:_identify(ros2_ws/src/vision/realsense-ros) by extension 'python'
[0.446s] Level 1:colcon.colcon_core.package_identification:_identify(ros2_ws/src/vision/realsense-ros) by extensions ['python_setup_py']
[0.446s] Level 1:colcon.colcon_core.package_identification:_identify(ros2_ws/src/vision/realsense-ros) by extension 'python_setup_py'
[0.446s] Level 1:colcon.colcon_core.package_identification:_identify(ros2_ws/src/vision/realsense-ros/realsense2_camera) by extensions ['ignore', 'ignore_ament_install']
[0.446s] Level 1:colcon.colcon_core.package_identification:_identify(ros2_ws/src/vision/realsense-ros/realsense2_camera) by extension 'ignore'
[0.446s] Level 1:colcon.colcon_core.package_identification:_identify(ros2_ws/src/vision/realsense-ros/realsense2_camera) by extension 'ignore_ament_install'
[0.446s] Level 1:colcon.colcon_core.package_identification:_identify(ros2_ws/src/vision/realsense-ros/realsense2_camera) by extensions ['colcon_pkg']
[0.446s] Level 1:colcon.colcon_core.package_identification:_identify(ros2_ws/src/vision/realsense-ros/realsense2_camera) by extension 'colcon_pkg'
[0.446s] Level 1:colcon.colcon_core.package_identification:_identify(ros2_ws/src/vision/realsense-ros/realsense2_camera) by extensions ['colcon_meta']
[0.446s] Level 1:colcon.colcon_core.package_identification:_identify(ros2_ws/src/vision/realsense-ros/realsense2_camera) by extension 'colcon_meta'
[0.446s] Level 1:colcon.colcon_core.package_identification:_identify(ros2_ws/src/vision/realsense-ros/realsense2_camera) by extensions ['ros']
[0.446s] Level 1:colcon.colcon_core.package_identification:_identify(ros2_ws/src/vision/realsense-ros/realsense2_camera) by extension 'ros'
[0.448s] DEBUG:colcon.colcon_core.package_identification:Package 'ros2_ws/src/vision/realsense-ros/realsense2_camera' with type 'ros.ament_cmake' and name 'realsense2_camera'
[0.448s] Level 1:colcon.colcon_core.package_identification:_identify(ros2_ws/src/vision/realsense-ros/realsense2_camera_msgs) by extensions ['ignore', 'ignore_ament_install']
[0.448s] Level 1:colcon.colcon_core.package_identification:_identify(ros2_ws/src/vision/realsense-ros/realsense2_camera_msgs) by extension 'ignore'
[0.448s] Level 1:colcon.colcon_core.package_identification:_identify(ros2_ws/src/vision/realsense-ros/realsense2_camera_msgs) by extension 'ignore_ament_install'
[0.448s] Level 1:colcon.colcon_core.package_identification:_identify(ros2_ws/src/vision/realsense-ros/realsense2_camera_msgs) by extensions ['colcon_pkg']
[0.448s] Level 1:colcon.colcon_core.package_identification:_identify(ros2_ws/src/vision/realsense-ros/realsense2_camera_msgs) by extension 'colcon_pkg'
[0.448s] Level 1:colcon.colcon_core.package_identification:_identify(ros2_ws/src/vision/realsense-ros/realsense2_camera_msgs) by extensions ['colcon_meta']
[0.449s] Level 1:colcon.colcon_core.package_identification:_identify(ros2_ws/src/vision/realsense-ros/realsense2_camera_msgs) by extension 'colcon_meta'
[0.449s] Level 1:colcon.colcon_core.package_identification:_identify(ros2_ws/src/vision/realsense-ros/realsense2_camera_msgs) by extensions ['ros']
[0.449s] Level 1:colcon.colcon_core.package_identification:_identify(ros2_ws/src/vision/realsense-ros/realsense2_camera_msgs) by extension 'ros'
[0.449s] DEBUG:colcon.colcon_core.package_identification:Package 'ros2_ws/src/vision/realsense-ros/realsense2_camera_msgs' with type 'ros.ament_cmake' and name 'realsense2_camera_msgs'
[0.449s] Level 1:colcon.colcon_core.package_identification:_identify(ros2_ws/src/vision/realsense-ros/realsense2_description) by extensions ['ignore', 'ignore_ament_install']
[0.449s] Level 1:colcon.colcon_core.package_identification:_identify(ros2_ws/src/vision/realsense-ros/realsense2_description) by extension 'ignore'
[0.449s] Level 1:colcon.colcon_core.package_identification:_identify(ros2_ws/src/vision/realsense-ros/realsense2_description) by extension 'ignore_ament_install'
[0.450s] Level 1:colcon.colcon_core.package_identification:_identify(ros2_ws/src/vision/realsense-ros/realsense2_description) by extensions ['colcon_pkg']
[0.450s] Level 1:colcon.colcon_core.package_identification:_identify(ros2_ws/src/vision/realsense-ros/realsense2_description) by extension 'colcon_pkg'
[0.450s] Level 1:colcon.colcon_core.package_identification:_identify(ros2_ws/src/vision/realsense-ros/realsense2_description) by extensions ['colcon_meta']
[0.450s] Level 1:colcon.colcon_core.package_identification:_identify(ros2_ws/src/vision/realsense-ros/realsense2_description) by extension 'colcon_meta'
[0.450s] Level 1:colcon.colcon_core.package_identification:_identify(ros2_ws/src/vision/realsense-ros/realsense2_description) by extensions ['ros']
[0.450s] Level 1:colcon.colcon_core.package_identification:_identify(ros2_ws/src/vision/realsense-ros/realsense2_description) by extension 'ros'
[0.451s] DEBUG:colcon.colcon_core.package_identification:Package 'ros2_ws/src/vision/realsense-ros/realsense2_description' with type 'ros.ament_cmake' and name 'realsense2_description'
[0.451s] Level 1:colcon.colcon_core.package_identification:_identify(ros2_ws/src/vision/realsense-ros/scripts) by extensions ['ignore', 'ignore_ament_install']
[0.451s] Level 1:colcon.colcon_core.package_identification:_identify(ros2_ws/src/vision/realsense-ros/scripts) by extension 'ignore'
[0.451s] Level 1:colcon.colcon_core.package_identification:_identify(ros2_ws/src/vision/realsense-ros/scripts) by extension 'ignore_ament_install'
[0.451s] Level 1:colcon.colcon_core.package_identification:_identify(ros2_ws/src/vision/realsense-ros/scripts) by extensions ['colcon_pkg']
[0.451s] Level 1:colcon.colcon_core.package_identification:_identify(ros2_ws/src/vision/realsense-ros/scripts) by extension 'colcon_pkg'
[0.451s] Level 1:colcon.colcon_core.package_identification:_identify(ros2_ws/src/vision/realsense-ros/scripts) by extensions ['colcon_meta']
[0.451s] Level 1:colcon.colcon_core.package_identification:_identify(ros2_ws/src/vision/realsense-ros/scripts) by extension 'colcon_meta'
[0.451s] Level 1:colcon.colcon_core.package_identification:_identify(ros2_ws/src/vision/realsense-ros/scripts) by extensions ['ros']
[0.451s] Level 1:colcon.colcon_core.package_identification:_identify(ros2_ws/src/vision/realsense-ros/scripts) by extension 'ros'
[0.451s] Level 1:colcon.colcon_core.package_identification:_identify(ros2_ws/src/vision/realsense-ros/scripts) by extensions ['cmake', 'python']
[0.451s] Level 1:colcon.colcon_core.package_identification:_identify(ros2_ws/src/vision/realsense-ros/scripts) by extension 'cmake'
[0.451s] Level 1:colcon.colcon_core.package_identification:_identify(ros2_ws/src/vision/realsense-ros/scripts) by extension 'python'
[0.451s] Level 1:colcon.colcon_core.package_identification:_identify(ros2_ws/src/vision/realsense-ros/scripts) by extensions ['python_setup_py']
[0.452s] Level 1:colcon.colcon_core.package_identification:_identify(ros2_ws/src/vision/realsense-ros/scripts) by extension 'python_setup_py'
[0.452s] Level 1:colcon.colcon_core.package_identification:_identify(ros2_ws/src/vision/rplidar_ros2) by extensions ['ignore', 'ignore_ament_install']
[0.452s] Level 1:colcon.colcon_core.package_identification:_identify(ros2_ws/src/vision/rplidar_ros2) by extension 'ignore'
[0.452s] Level 1:colcon.colcon_core.package_identification:_identify(ros2_ws/src/vision/rplidar_ros2) by extension 'ignore_ament_install'
[0.452s] Level 1:colcon.colcon_core.package_identification:_identify(ros2_ws/src/vision/rplidar_ros2) by extensions ['colcon_pkg']
[0.452s] Level 1:colcon.colcon_core.package_identification:_identify(ros2_ws/src/vision/rplidar_ros2) by extension 'colcon_pkg'
[0.452s] Level 1:colcon.colcon_core.package_identification:_identify(ros2_ws/src/vision/rplidar_ros2) by extensions ['colcon_meta']
[0.452s] Level 1:colcon.colcon_core.package_identification:_identify(ros2_ws/src/vision/rplidar_ros2) by extension 'colcon_meta'
[0.452s] Level 1:colcon.colcon_core.package_identification:_identify(ros2_ws/src/vision/rplidar_ros2) by extensions ['ros']
[0.452s] Level 1:colcon.colcon_core.package_identification:_identify(ros2_ws/src/vision/rplidar_ros2) by extension 'ros'
[0.453s] DEBUG:colcon.colcon_core.package_identification:Package 'ros2_ws/src/vision/rplidar_ros2' with type 'ros.ament_cmake' and name 'rplidar_ros'
[0.453s] Level 1:colcon.colcon_core.package_discovery:discover_packages(recursive) using defaults
[0.453s] Level 1:colcon.colcon_core.package_discovery:discover_packages(ignore) discover
[0.453s] Level 1:colcon.colcon_core.package_discovery:discover_packages(ignore) using defaults
[0.453s] Level 1:colcon.colcon_core.package_discovery:discover_packages(path) discover
[0.453s] Level 1:colcon.colcon_core.package_discovery:discover_packages(path) using defaults
[0.490s] Level 1:colcon.colcon_core.package_discovery:discover_packages(prefix_path) check parameters
[0.490s] Level 1:colcon.colcon_core.package_discovery:discover_packages(prefix_path) discover
[0.493s] DEBUG:colcon.colcon_installed_package_information.package_discovery:Found 270 installed packages in /opt/ros/galactic
[0.495s] Level 1:colcon.colcon_core.package_discovery:discover_packages(prefix_path) using defaults
[0.583s] ERROR:colcon:colcon build: Duplicate package names not supported:
- wheels_controller:
  - autonav-master/src/driving/wheels_controller
  - ros2_ws/src/driving/wheels_controller
